#-----------------------------------------------------------
# Vivado v2020.2 (64-bit)
# SW Build 3064766 on Wed Nov 18 09:12:45 MST 2020
# IP Build 3064653 on Wed Nov 18 14:17:31 MST 2020
# Start of session at: Thu Apr 20 11:18:23 2023
# Process ID: 6268
# Current directory: C:/Users/240233/Documents/digitalelprojekt/project_4
# Command line: vivado.exe -gui_launcher_event rodinguilauncherevent9416 C:\Users\240233\Documents\digitalelprojekt\project_4\project_4.xpr
# Log file: C:/Users/240233/Documents/digitalelprojekt/project_4/vivado.log
# Journal file: C:/Users/240233/Documents/digitalelprojekt/project_4\vivado.jou
#-----------------------------------------------------------
start_gui
open_project C:/Users/240233/Documents/digitalelprojekt/project_4/project_4.xpr
INFO: [Project 1-313] Project file moved from 'C:/Users/ChristianKu/Desktop/de1/digitalelprojekt/project_4' since last save.
WARNING: [filemgmt 56-2] Default IP Output Path : Could not find the directory 'C:/Users/240233/Documents/digitalelprojekt/project_4/project_4.gen/sources_1', nor could it be found using path 'C:/Users/ChristianKu/Desktop/de1/digitalelprojekt/project_4/project_4.gen/sources_1'.
Scanning sources...
Finished scanning sources
CRITICAL WARNING: [Board 49-67] The board_part definition was not found for digilentinc.com:nexys-a7-50t:part0:1.3. This can happen sometimes when you use custom board part. You can resolve this issue by setting 'board.repoPaths' parameter, pointing to the location of custom board files. Valid board_part values can be retrieved with the 'get_board_parts' Tcl command.
INFO: [IP_Flow 19-234] Refreshing IP repositories
INFO: [IP_Flow 19-1704] No user IP repositories specified
INFO: [IP_Flow 19-2313] Loaded Vivado IP repository 'C:/appz/Xilinx/Vivado/2020.2/data/ip'.
update_compile_order -fileset sources_1
launch_simulation
Command: launch_simulation 
INFO: [Vivado 12-5682] Launching behavioral simulation in 'C:/Users/240233/Documents/digitalelprojekt/project_4/project_4.sim/sim_1/behav/xsim'
INFO: [SIM-utils-51] Simulation object is 'sim_1'
INFO: [SIM-utils-54] Inspecting design source files for 'tb_timer_7seg' in fileset 'sim_1'...
INFO: [USF-XSim-97] Finding global include files...
INFO: [USF-XSim-98] Fetching design files from 'sim_1'...
INFO: [USF-XSim-2] XSim::Compile design
INFO: [USF-XSim-61] Executing 'COMPILE and ANALYZE' step in 'C:/Users/240233/Documents/digitalelprojekt/project_4/project_4.sim/sim_1/behav/xsim'
"xvhdl --incr --relax -prj tb_timer_7seg_vhdl.prj"
INFO: [VRFC 10-163] Analyzing VHDL file "C:/Users/240233/Documents/digitalelprojekt/project_4/project_4.srcs/sources_1/new/hex_7seg.vhd" into library xil_defaultlib
INFO: [VRFC 10-3107] analyzing entity 'hex_7seg'
INFO: [VRFC 10-163] Analyzing VHDL file "C:/Users/240233/Documents/digitalelprojekt/project_4/project_4.srcs/sources_1/new/timer.vhd" into library xil_defaultlib
INFO: [VRFC 10-3107] analyzing entity 'timer'
INFO: [VRFC 10-163] Analyzing VHDL file "C:/Users/240233/Documents/digitalelprojekt/project_4/project_4.srcs/sources_1/new/timer_7seg.vhd" into library xil_defaultlib
INFO: [VRFC 10-3107] analyzing entity 'timer_7seg'
INFO: [VRFC 10-163] Analyzing VHDL file "C:/Users/240233/Documents/digitalelprojekt/project_4/project_4.srcs/sources_1/new/tb_timer_7seg.vhd" into library xil_defaultlib
INFO: [VRFC 10-3107] analyzing entity 'tb_timer_7seg'
INFO: [USF-XSim-69] 'compile' step finished in '1' seconds
INFO: [USF-XSim-3] XSim::Elaborate design
INFO: [USF-XSim-61] Executing 'ELABORATE' step in 'C:/Users/240233/Documents/digitalelprojekt/project_4/project_4.sim/sim_1/behav/xsim'
"xelab -wto eb7cbba38b5b4341b8602c9ab87bc0f7 --incr --debug typical --relax --mt 2 -L xil_defaultlib -L secureip --snapshot tb_timer_7seg_behav xil_defaultlib.tb_timer_7seg -log elaborate.log"
Vivado Simulator 2020.2
Copyright 1986-1999, 2001-2020 Xilinx, Inc. All Rights Reserved.
Running: C:/appz/Xilinx/Vivado/2020.2/bin/unwrapped/win64.o/xelab.exe -wto eb7cbba38b5b4341b8602c9ab87bc0f7 --incr --debug typical --relax --mt 2 -L xil_defaultlib -L secureip --snapshot tb_timer_7seg_behav xil_defaultlib.tb_timer_7seg -log elaborate.log 
Using 2 slave threads.
Starting static elaboration
Completed static elaboration
Starting simulation data flow analysis
Completed simulation data flow analysis
Time Resolution for simulation is 1ps
Compiling package std.standard
Compiling package std.textio
Compiling package ieee.std_logic_1164
Compiling package ieee.numeric_std
Compiling architecture behavioral of entity xil_defaultlib.timer [timer_default]
Compiling architecture behavioral of entity xil_defaultlib.hex_7seg [hex_7seg_default]
Compiling architecture behavioral of entity xil_defaultlib.timer_7seg [timer_7seg_default]
Compiling architecture behavioral of entity xil_defaultlib.tb_timer_7seg
Built simulation snapshot tb_timer_7seg_behav

****** Webtalk v2020.2 (64-bit)
  **** SW Build 3064766 on Wed Nov 18 09:12:45 MST 2020
  **** IP Build 3064653 on Wed Nov 18 14:17:31 MST 2020
    ** Copyright 1986-2020 Xilinx, Inc. All Rights Reserved.

source C:/Users/240233/Documents/digitalelprojekt/project_4/project_4.sim/sim_1/behav/xsim/xsim.dir/tb_timer_7seg_behav/webtalk/xsim_webtalk.tcl -notrace
INFO: [Common 17-186] 'C:/Users/240233/Documents/digitalelprojekt/project_4/project_4.sim/sim_1/behav/xsim/xsim.dir/tb_timer_7seg_behav/webtalk/usage_statistics_ext_xsim.xml' has been successfully sent to Xilinx on Thu Apr 20 11:18:53 2023. For additional details about this file, please refer to the WebTalk help file at C:/appz/Xilinx/Vivado/2020.2/doc/webtalk_introduction.html.
INFO: [Common 17-206] Exiting Webtalk at Thu Apr 20 11:18:53 2023...
run_program: Time (s): cpu = 00:00:00 ; elapsed = 00:00:06 . Memory (MB): peak = 998.352 ; gain = 0.000
INFO: [USF-XSim-69] 'elaborate' step finished in '5' seconds
INFO: [USF-XSim-4] XSim::Simulate design
INFO: [USF-XSim-61] Executing 'SIMULATE' step in 'C:/Users/240233/Documents/digitalelprojekt/project_4/project_4.sim/sim_1/behav/xsim'
INFO: [USF-XSim-98] *** Running xsim
   with args "tb_timer_7seg_behav -key {Behavioral:sim_1:Functional:tb_timer_7seg} -tclbatch {tb_timer_7seg.tcl} -log {simulate.log}"
INFO: [USF-XSim-8] Loading simulator feature
Vivado Simulator 2020.2
Time resolution is 1 ps
source tb_timer_7seg.tcl
# set curr_wave [current_wave_config]
# if { [string length $curr_wave] == 0 } {
#   if { [llength [get_objects]] > 0} {
#     add_wave /
#     set_property needs_save false [current_wave_config]
#   } else {
#      send_msg_id Add_Wave-1 WARNING "No top level signals found. Simulator will start without a wave window. If you want to open a wave window go to 'File->New Waveform Configuration' or type 'create_wave_config' in the TCL console."
#   }
# }
# run 1000ns
INFO: [USF-XSim-96] XSim completed. Design snapshot 'tb_timer_7seg_behav' loaded.
INFO: [USF-XSim-97] XSim simulation ran for 1000ns
launch_simulation: Time (s): cpu = 00:00:06 ; elapsed = 00:00:11 . Memory (MB): peak = 998.352 ; gain = 0.000
current_wave_config {Untitled 1}
Untitled 1
add_wave {{/tb_timer_7seg/inst_timer_7seg/inst_hex_7seg/hex}} 
relaunch_sim
suspend_sim: Time (s): cpu = 00:00:00 ; elapsed = 00:00:05 . Memory (MB): peak = 998.352 ; gain = 0.000
Command: launch_simulation -simset sim_1 -mode behavioral
INFO: [Vivado 12-5682] Launching behavioral simulation in 'C:/Users/240233/Documents/digitalelprojekt/project_4/project_4.sim/sim_1/behav/xsim'
INFO: [SIM-utils-51] Simulation object is 'sim_1'
INFO: [SIM-utils-54] Inspecting design source files for 'tb_timer_7seg' in fileset 'sim_1'...
INFO: [USF-XSim-97] Finding global include files...
INFO: [USF-XSim-98] Fetching design files from 'sim_1'...
INFO: [USF-XSim-2] XSim::Compile design
INFO: [USF-XSim-61] Executing 'COMPILE and ANALYZE' step in 'C:/Users/240233/Documents/digitalelprojekt/project_4/project_4.sim/sim_1/behav/xsim'
"xvhdl --incr --relax -prj tb_timer_7seg_vhdl.prj"
INFO: [USF-XSim-69] 'compile' step finished in '1' seconds
Command: launch_simulation -simset sim_1 -mode behavioral
INFO: [Vivado 12-5682] Launching behavioral simulation in 'C:/Users/240233/Documents/digitalelprojekt/project_4/project_4.sim/sim_1/behav/xsim'
INFO: [USF-XSim-3] XSim::Elaborate design
INFO: [USF-XSim-61] Executing 'ELABORATE' step in 'C:/Users/240233/Documents/digitalelprojekt/project_4/project_4.sim/sim_1/behav/xsim'
"xelab -wto eb7cbba38b5b4341b8602c9ab87bc0f7 --incr --debug typical --relax --mt 2 -L xil_defaultlib -L secureip --snapshot tb_timer_7seg_behav xil_defaultlib.tb_timer_7seg -log elaborate.log"
Vivado Simulator 2020.2
Copyright 1986-1999, 2001-2020 Xilinx, Inc. All Rights Reserved.
Running: C:/appz/Xilinx/Vivado/2020.2/bin/unwrapped/win64.o/xelab.exe -wto eb7cbba38b5b4341b8602c9ab87bc0f7 --incr --debug typical --relax --mt 2 -L xil_defaultlib -L secureip --snapshot tb_timer_7seg_behav xil_defaultlib.tb_timer_7seg -log elaborate.log 
Using 2 slave threads.
Starting static elaboration
Completed static elaboration
INFO: [XSIM 43-4323] No Change in HDL. Linking previously generated obj files to create kernel
INFO: [USF-XSim-69] 'elaborate' step finished in '1' seconds
Vivado Simulator 2020.2
Time resolution is 1 ps
relaunch_sim: Time (s): cpu = 00:00:01 ; elapsed = 00:00:09 . Memory (MB): peak = 998.352 ; gain = 0.000
close_sim
INFO: [Simtcl 6-16] Simulation closed
launch_simulation
Command: launch_simulation 
INFO: [Vivado 12-5682] Launching behavioral simulation in 'C:/Users/240233/Documents/digitalelprojekt/project_4/project_4.sim/sim_1/behav/xsim'
INFO: [SIM-utils-51] Simulation object is 'sim_1'
INFO: [SIM-utils-54] Inspecting design source files for 'tb_timer_7seg' in fileset 'sim_1'...
INFO: [USF-XSim-97] Finding global include files...
INFO: [USF-XSim-98] Fetching design files from 'sim_1'...
INFO: [USF-XSim-2] XSim::Compile design
INFO: [USF-XSim-61] Executing 'COMPILE and ANALYZE' step in 'C:/Users/240233/Documents/digitalelprojekt/project_4/project_4.sim/sim_1/behav/xsim'
"xvhdl --incr --relax -prj tb_timer_7seg_vhdl.prj"
INFO: [USF-XSim-69] 'compile' step finished in '1' seconds
INFO: [USF-XSim-3] XSim::Elaborate design
INFO: [USF-XSim-61] Executing 'ELABORATE' step in 'C:/Users/240233/Documents/digitalelprojekt/project_4/project_4.sim/sim_1/behav/xsim'
"xelab -wto eb7cbba38b5b4341b8602c9ab87bc0f7 --incr --debug typical --relax --mt 2 -L xil_defaultlib -L secureip --snapshot tb_timer_7seg_behav xil_defaultlib.tb_timer_7seg -log elaborate.log"
Vivado Simulator 2020.2
Copyright 1986-1999, 2001-2020 Xilinx, Inc. All Rights Reserved.
Running: C:/appz/Xilinx/Vivado/2020.2/bin/unwrapped/win64.o/xelab.exe -wto eb7cbba38b5b4341b8602c9ab87bc0f7 --incr --debug typical --relax --mt 2 -L xil_defaultlib -L secureip --snapshot tb_timer_7seg_behav xil_defaultlib.tb_timer_7seg -log elaborate.log 
Using 2 slave threads.
Starting static elaboration
Completed static elaboration
INFO: [XSIM 43-4323] No Change in HDL. Linking previously generated obj files to create kernel
INFO: [USF-XSim-69] 'elaborate' step finished in '1' seconds
INFO: [USF-XSim-4] XSim::Simulate design
INFO: [USF-XSim-61] Executing 'SIMULATE' step in 'C:/Users/240233/Documents/digitalelprojekt/project_4/project_4.sim/sim_1/behav/xsim'
INFO: [USF-XSim-98] *** Running xsim
   with args "tb_timer_7seg_behav -key {Behavioral:sim_1:Functional:tb_timer_7seg} -tclbatch {tb_timer_7seg.tcl} -log {simulate.log}"
INFO: [USF-XSim-8] Loading simulator feature
Vivado Simulator 2020.2
Time resolution is 1 ps
source tb_timer_7seg.tcl
# set curr_wave [current_wave_config]
# if { [string length $curr_wave] == 0 } {
#   if { [llength [get_objects]] > 0} {
#     add_wave /
#     set_property needs_save false [current_wave_config]
#   } else {
#      send_msg_id Add_Wave-1 WARNING "No top level signals found. Simulator will start without a wave window. If you want to open a wave window go to 'File->New Waveform Configuration' or type 'create_wave_config' in the TCL console."
#   }
# }
# run 1000ns
INFO: [USF-XSim-96] XSim completed. Design snapshot 'tb_timer_7seg_behav' loaded.
INFO: [USF-XSim-97] XSim simulation ran for 1000ns
current_wave_config {Untitled 2}
Untitled 2
add_wave {{/tb_timer_7seg/inst_timer_7seg/inst_hex_7seg/hex}} 
relaunch_sim
Command: launch_simulation -simset sim_1 -mode behavioral
INFO: [Vivado 12-5682] Launching behavioral simulation in 'C:/Users/240233/Documents/digitalelprojekt/project_4/project_4.sim/sim_1/behav/xsim'
INFO: [SIM-utils-51] Simulation object is 'sim_1'
INFO: [SIM-utils-54] Inspecting design source files for 'tb_timer_7seg' in fileset 'sim_1'...
INFO: [USF-XSim-97] Finding global include files...
INFO: [USF-XSim-98] Fetching design files from 'sim_1'...
INFO: [USF-XSim-2] XSim::Compile design
INFO: [USF-XSim-61] Executing 'COMPILE and ANALYZE' step in 'C:/Users/240233/Documents/digitalelprojekt/project_4/project_4.sim/sim_1/behav/xsim'
"xvhdl --incr --relax -prj tb_timer_7seg_vhdl.prj"
INFO: [USF-XSim-69] 'compile' step finished in '2' seconds
Command: launch_simulation -simset sim_1 -mode behavioral
INFO: [Vivado 12-5682] Launching behavioral simulation in 'C:/Users/240233/Documents/digitalelprojekt/project_4/project_4.sim/sim_1/behav/xsim'
INFO: [USF-XSim-3] XSim::Elaborate design
INFO: [USF-XSim-61] Executing 'ELABORATE' step in 'C:/Users/240233/Documents/digitalelprojekt/project_4/project_4.sim/sim_1/behav/xsim'
"xelab -wto eb7cbba38b5b4341b8602c9ab87bc0f7 --incr --debug typical --relax --mt 2 -L xil_defaultlib -L secureip --snapshot tb_timer_7seg_behav xil_defaultlib.tb_timer_7seg -log elaborate.log"
Vivado Simulator 2020.2
Copyright 1986-1999, 2001-2020 Xilinx, Inc. All Rights Reserved.
Running: C:/appz/Xilinx/Vivado/2020.2/bin/unwrapped/win64.o/xelab.exe -wto eb7cbba38b5b4341b8602c9ab87bc0f7 --incr --debug typical --relax --mt 2 -L xil_defaultlib -L secureip --snapshot tb_timer_7seg_behav xil_defaultlib.tb_timer_7seg -log elaborate.log 
Using 2 slave threads.
Starting static elaboration
Completed static elaboration
INFO: [XSIM 43-4323] No Change in HDL. Linking previously generated obj files to create kernel
INFO: [USF-XSim-69] 'elaborate' step finished in '1' seconds
Vivado Simulator 2020.2
Time resolution is 1 ps
relaunch_sim: Time (s): cpu = 00:00:01 ; elapsed = 00:00:05 . Memory (MB): peak = 1161.211 ; gain = 0.000
close_sim
INFO: [Simtcl 6-16] Simulation closed
launch_simulation
Command: launch_simulation 
INFO: [Vivado 12-5682] Launching behavioral simulation in 'C:/Users/240233/Documents/digitalelprojekt/project_4/project_4.sim/sim_1/behav/xsim'
INFO: [SIM-utils-51] Simulation object is 'sim_1'
INFO: [SIM-utils-54] Inspecting design source files for 'tb_timer_7seg' in fileset 'sim_1'...
INFO: [USF-XSim-97] Finding global include files...
INFO: [USF-XSim-98] Fetching design files from 'sim_1'...
INFO: [USF-XSim-2] XSim::Compile design
INFO: [USF-XSim-61] Executing 'COMPILE and ANALYZE' step in 'C:/Users/240233/Documents/digitalelprojekt/project_4/project_4.sim/sim_1/behav/xsim'
"xvhdl --incr --relax -prj tb_timer_7seg_vhdl.prj"
INFO: [USF-XSim-69] 'compile' step finished in '1' seconds
INFO: [USF-XSim-3] XSim::Elaborate design
INFO: [USF-XSim-61] Executing 'ELABORATE' step in 'C:/Users/240233/Documents/digitalelprojekt/project_4/project_4.sim/sim_1/behav/xsim'
"xelab -wto eb7cbba38b5b4341b8602c9ab87bc0f7 --incr --debug typical --relax --mt 2 -L xil_defaultlib -L secureip --snapshot tb_timer_7seg_behav xil_defaultlib.tb_timer_7seg -log elaborate.log"
Vivado Simulator 2020.2
Copyright 1986-1999, 2001-2020 Xilinx, Inc. All Rights Reserved.
Running: C:/appz/Xilinx/Vivado/2020.2/bin/unwrapped/win64.o/xelab.exe -wto eb7cbba38b5b4341b8602c9ab87bc0f7 --incr --debug typical --relax --mt 2 -L xil_defaultlib -L secureip --snapshot tb_timer_7seg_behav xil_defaultlib.tb_timer_7seg -log elaborate.log 
Using 2 slave threads.
Starting static elaboration
Completed static elaboration
INFO: [XSIM 43-4323] No Change in HDL. Linking previously generated obj files to create kernel
INFO: [USF-XSim-69] 'elaborate' step finished in '1' seconds
INFO: [USF-XSim-4] XSim::Simulate design
INFO: [USF-XSim-61] Executing 'SIMULATE' step in 'C:/Users/240233/Documents/digitalelprojekt/project_4/project_4.sim/sim_1/behav/xsim'
INFO: [USF-XSim-98] *** Running xsim
   with args "tb_timer_7seg_behav -key {Behavioral:sim_1:Functional:tb_timer_7seg} -tclbatch {tb_timer_7seg.tcl} -log {simulate.log}"
INFO: [USF-XSim-8] Loading simulator feature
Vivado Simulator 2020.2
Time resolution is 1 ps
source tb_timer_7seg.tcl
# set curr_wave [current_wave_config]
# if { [string length $curr_wave] == 0 } {
#   if { [llength [get_objects]] > 0} {
#     add_wave /
#     set_property needs_save false [current_wave_config]
#   } else {
#      send_msg_id Add_Wave-1 WARNING "No top level signals found. Simulator will start without a wave window. If you want to open a wave window go to 'File->New Waveform Configuration' or type 'create_wave_config' in the TCL console."
#   }
# }
# run 1000ns
INFO: [USF-XSim-96] XSim completed. Design snapshot 'tb_timer_7seg_behav' loaded.
INFO: [USF-XSim-97] XSim simulation ran for 1000ns
launch_simulation: Time (s): cpu = 00:00:03 ; elapsed = 00:00:05 . Memory (MB): peak = 1480.566 ; gain = 0.000
current_wave_config {Untitled 3}
Untitled 3
add_wave {{/tb_timer_7seg/inst_timer_7seg/inst_hex_7seg/hex}} 
relaunch_sim
Command: launch_simulation -simset sim_1 -mode behavioral
INFO: [Vivado 12-5682] Launching behavioral simulation in 'C:/Users/240233/Documents/digitalelprojekt/project_4/project_4.sim/sim_1/behav/xsim'
INFO: [SIM-utils-51] Simulation object is 'sim_1'
INFO: [SIM-utils-54] Inspecting design source files for 'tb_timer_7seg' in fileset 'sim_1'...
INFO: [USF-XSim-97] Finding global include files...
INFO: [USF-XSim-98] Fetching design files from 'sim_1'...
INFO: [USF-XSim-2] XSim::Compile design
INFO: [USF-XSim-61] Executing 'COMPILE and ANALYZE' step in 'C:/Users/240233/Documents/digitalelprojekt/project_4/project_4.sim/sim_1/behav/xsim'
"xvhdl --incr --relax -prj tb_timer_7seg_vhdl.prj"
INFO: [USF-XSim-69] 'compile' step finished in '1' seconds
Command: launch_simulation -simset sim_1 -mode behavioral
INFO: [Vivado 12-5682] Launching behavioral simulation in 'C:/Users/240233/Documents/digitalelprojekt/project_4/project_4.sim/sim_1/behav/xsim'
INFO: [USF-XSim-3] XSim::Elaborate design
INFO: [USF-XSim-61] Executing 'ELABORATE' step in 'C:/Users/240233/Documents/digitalelprojekt/project_4/project_4.sim/sim_1/behav/xsim'
"xelab -wto eb7cbba38b5b4341b8602c9ab87bc0f7 --incr --debug typical --relax --mt 2 -L xil_defaultlib -L secureip --snapshot tb_timer_7seg_behav xil_defaultlib.tb_timer_7seg -log elaborate.log"
Vivado Simulator 2020.2
Copyright 1986-1999, 2001-2020 Xilinx, Inc. All Rights Reserved.
Running: C:/appz/Xilinx/Vivado/2020.2/bin/unwrapped/win64.o/xelab.exe -wto eb7cbba38b5b4341b8602c9ab87bc0f7 --incr --debug typical --relax --mt 2 -L xil_defaultlib -L secureip --snapshot tb_timer_7seg_behav xil_defaultlib.tb_timer_7seg -log elaborate.log 
Using 2 slave threads.
Starting static elaboration
Completed static elaboration
INFO: [XSIM 43-4323] No Change in HDL. Linking previously generated obj files to create kernel
INFO: [USF-XSim-69] 'elaborate' step finished in '1' seconds
Vivado Simulator 2020.2
Time resolution is 1 ps
relaunch_sim: Time (s): cpu = 00:00:01 ; elapsed = 00:00:05 . Memory (MB): peak = 1480.566 ; gain = 0.000
file mkdir C:/Users/240233/Documents/digitalelprojekt/project_4/project_4.srcs/sim_1/new
set_property SOURCE_SET sources_1 [get_filesets sim_1]
close [ open C:/Users/240233/Documents/digitalelprojekt/project_4/project_4.srcs/sim_1/new/7seg_k.vhd w ]
add_files -fileset sim_1 C:/Users/240233/Documents/digitalelprojekt/project_4/project_4.srcs/sim_1/new/7seg_k.vhd
close [ open C:/Users/240233/Documents/digitalelprojekt/project_4/project_4.srcs/sim_1/new/7seg_p.v w ]
add_files -fileset sim_1 C:/Users/240233/Documents/digitalelprojekt/project_4/project_4.srcs/sim_1/new/7seg_p.v
update_compile_order -fileset sim_1
export_ip_user_files -of_objects  [get_files C:/Users/240233/Documents/digitalelprojekt/project_4/project_4.srcs/sim_1/new/7seg_p.v] -no_script -reset -force -quiet
remove_files  -fileset sim_1 C:/Users/240233/Documents/digitalelprojekt/project_4/project_4.srcs/sim_1/new/7seg_p.v
close [ open C:/Users/240233/Documents/digitalelprojekt/project_4/project_4.srcs/sources_1/new/7seg_p.vhd w ]
add_files C:/Users/240233/Documents/digitalelprojekt/project_4/project_4.srcs/sources_1/new/7seg_p.vhd
update_compile_order -fileset sources_1
update_compile_order -fileset sim_1
relaunch_sim
Command: launch_simulation -simset sim_1 -mode behavioral
INFO: [Vivado 12-5682] Launching behavioral simulation in 'C:/Users/240233/Documents/digitalelprojekt/project_4/project_4.sim/sim_1/behav/xsim'
INFO: [SIM-utils-51] Simulation object is 'sim_1'
INFO: [SIM-utils-54] Inspecting design source files for 'tb_timer_7seg' in fileset 'sim_1'...
INFO: [USF-XSim-97] Finding global include files...
INFO: [USF-XSim-98] Fetching design files from 'sim_1'...
INFO: [USF-XSim-2] XSim::Compile design
INFO: [USF-XSim-61] Executing 'COMPILE and ANALYZE' step in 'C:/Users/240233/Documents/digitalelprojekt/project_4/project_4.sim/sim_1/behav/xsim'
"xvhdl --incr --relax -prj tb_timer_7seg_vhdl.prj"
INFO: [VRFC 10-163] Analyzing VHDL file "C:/Users/240233/Documents/digitalelprojekt/project_4/project_4.srcs/sim_1/new/7seg_k.vhd" into library xil_defaultlib
INFO: [VRFC 10-3107] analyzing entity 'hex_7seg_k'
INFO: [VRFC 10-163] Analyzing VHDL file "C:/Users/240233/Documents/digitalelprojekt/project_4/project_4.srcs/sources_1/new/timer_7seg.vhd" into library xil_defaultlib
INFO: [VRFC 10-3107] analyzing entity 'timer_7seg'
INFO: [USF-XSim-69] 'compile' step finished in '1' seconds
Command: launch_simulation -simset sim_1 -mode behavioral
INFO: [Vivado 12-5682] Launching behavioral simulation in 'C:/Users/240233/Documents/digitalelprojekt/project_4/project_4.sim/sim_1/behav/xsim'
INFO: [USF-XSim-3] XSim::Elaborate design
INFO: [USF-XSim-61] Executing 'ELABORATE' step in 'C:/Users/240233/Documents/digitalelprojekt/project_4/project_4.sim/sim_1/behav/xsim'
"xelab -wto eb7cbba38b5b4341b8602c9ab87bc0f7 --incr --debug typical --relax --mt 2 -L xil_defaultlib -L secureip --snapshot tb_timer_7seg_behav xil_defaultlib.tb_timer_7seg -log elaborate.log"
Vivado Simulator 2020.2
Copyright 1986-1999, 2001-2020 Xilinx, Inc. All Rights Reserved.
Running: C:/appz/Xilinx/Vivado/2020.2/bin/unwrapped/win64.o/xelab.exe -wto eb7cbba38b5b4341b8602c9ab87bc0f7 --incr --debug typical --relax --mt 2 -L xil_defaultlib -L secureip --snapshot tb_timer_7seg_behav xil_defaultlib.tb_timer_7seg -log elaborate.log 
Using 2 slave threads.
Starting static elaboration
ERROR: [VRFC 10-718] formal port <cycle_count> does not exist in entity <timer>.  Please compare the definition of block <timer> to its component declaration and its instantion to detect the mismatch. [C:/Users/240233/Documents/digitalelprojekt/project_4/project_4.srcs/sources_1/new/timer_7seg.vhd:31]
ERROR: [XSIM 43-3321] Static elaboration of top level VHDL design unit tb_timer_7seg in library work failed.
INFO: [USF-XSim-69] 'elaborate' step finished in '1' seconds
INFO: [USF-XSim-99] Step results log file:'C:/Users/240233/Documents/digitalelprojekt/project_4/project_4.sim/sim_1/behav/xsim/elaborate.log'
ERROR: [USF-XSim-62] 'elaborate' step failed with error(s). Please check the Tcl console output or 'C:/Users/240233/Documents/digitalelprojekt/project_4/project_4.sim/sim_1/behav/xsim/elaborate.log' file for more information.
ERROR: [Vivado 12-4473] Detected error while running simulation. Please correct the issue and retry this operation.
ERROR: [Common 17-39] 'launch_simulation' failed due to earlier errors.
ERROR: [Common 17-69] Command failed: ERROR: [Common 17-39] 'launch_simulation' failed due to earlier errors.

close_sim
INFO: [Simtcl 6-16] Simulation closed
launch_simulation
Command: launch_simulation 
INFO: [Vivado 12-5682] Launching behavioral simulation in 'C:/Users/240233/Documents/digitalelprojekt/project_4/project_4.sim/sim_1/behav/xsim'
INFO: [SIM-utils-51] Simulation object is 'sim_1'
INFO: [SIM-utils-54] Inspecting design source files for 'tb_timer_7seg' in fileset 'sim_1'...
INFO: [USF-XSim-97] Finding global include files...
INFO: [USF-XSim-98] Fetching design files from 'sim_1'...
INFO: [USF-XSim-2] XSim::Compile design
INFO: [USF-XSim-61] Executing 'COMPILE and ANALYZE' step in 'C:/Users/240233/Documents/digitalelprojekt/project_4/project_4.sim/sim_1/behav/xsim'
"xvhdl --incr --relax -prj tb_timer_7seg_vhdl.prj"
INFO: [USF-XSim-69] 'compile' step finished in '1' seconds
INFO: [USF-XSim-3] XSim::Elaborate design
INFO: [USF-XSim-61] Executing 'ELABORATE' step in 'C:/Users/240233/Documents/digitalelprojekt/project_4/project_4.sim/sim_1/behav/xsim'
"xelab -wto eb7cbba38b5b4341b8602c9ab87bc0f7 --incr --debug typical --relax --mt 2 -L xil_defaultlib -L secureip --snapshot tb_timer_7seg_behav xil_defaultlib.tb_timer_7seg -log elaborate.log"
Vivado Simulator 2020.2
Copyright 1986-1999, 2001-2020 Xilinx, Inc. All Rights Reserved.
Running: C:/appz/Xilinx/Vivado/2020.2/bin/unwrapped/win64.o/xelab.exe -wto eb7cbba38b5b4341b8602c9ab87bc0f7 --incr --debug typical --relax --mt 2 -L xil_defaultlib -L secureip --snapshot tb_timer_7seg_behav xil_defaultlib.tb_timer_7seg -log elaborate.log 
Using 2 slave threads.
Starting static elaboration
ERROR: [VRFC 10-718] formal port <cycle_count> does not exist in entity <timer>.  Please compare the definition of block <timer> to its component declaration and its instantion to detect the mismatch. [C:/Users/240233/Documents/digitalelprojekt/project_4/project_4.srcs/sources_1/new/timer_7seg.vhd:31]
ERROR: [XSIM 43-3321] Static elaboration of top level VHDL design unit tb_timer_7seg in library work failed.
INFO: [USF-XSim-69] 'elaborate' step finished in '2' seconds
INFO: [USF-XSim-99] Step results log file:'C:/Users/240233/Documents/digitalelprojekt/project_4/project_4.sim/sim_1/behav/xsim/elaborate.log'
ERROR: [USF-XSim-62] 'elaborate' step failed with error(s). Please check the Tcl console output or 'C:/Users/240233/Documents/digitalelprojekt/project_4/project_4.sim/sim_1/behav/xsim/elaborate.log' file for more information.
ERROR: [Vivado 12-4473] Detected error while running simulation. Please correct the issue and retry this operation.
ERROR: [Common 17-39] 'launch_simulation' failed due to earlier errors.
launch_simulation
Command: launch_simulation 
INFO: [Vivado 12-5682] Launching behavioral simulation in 'C:/Users/240233/Documents/digitalelprojekt/project_4/project_4.sim/sim_1/behav/xsim'
INFO: [SIM-utils-51] Simulation object is 'sim_1'
INFO: [SIM-utils-54] Inspecting design source files for 'tb_timer_7seg' in fileset 'sim_1'...
INFO: [USF-XSim-97] Finding global include files...
INFO: [USF-XSim-98] Fetching design files from 'sim_1'...
INFO: [USF-XSim-2] XSim::Compile design
INFO: [USF-XSim-61] Executing 'COMPILE and ANALYZE' step in 'C:/Users/240233/Documents/digitalelprojekt/project_4/project_4.sim/sim_1/behav/xsim'
"xvhdl --incr --relax -prj tb_timer_7seg_vhdl.prj"
INFO: [VRFC 10-163] Analyzing VHDL file "C:/Users/240233/Documents/digitalelprojekt/project_4/project_4.srcs/sources_1/new/timer.vhd" into library xil_defaultlib
INFO: [VRFC 10-3107] analyzing entity 'timer'
INFO: [VRFC 10-163] Analyzing VHDL file "C:/Users/240233/Documents/digitalelprojekt/project_4/project_4.srcs/sources_1/new/timer_7seg.vhd" into library xil_defaultlib
INFO: [VRFC 10-3107] analyzing entity 'timer_7seg'
INFO: [USF-XSim-69] 'compile' step finished in '1' seconds
INFO: [USF-XSim-3] XSim::Elaborate design
INFO: [USF-XSim-61] Executing 'ELABORATE' step in 'C:/Users/240233/Documents/digitalelprojekt/project_4/project_4.sim/sim_1/behav/xsim'
"xelab -wto eb7cbba38b5b4341b8602c9ab87bc0f7 --incr --debug typical --relax --mt 2 -L xil_defaultlib -L secureip --snapshot tb_timer_7seg_behav xil_defaultlib.tb_timer_7seg -log elaborate.log"
Vivado Simulator 2020.2
Copyright 1986-1999, 2001-2020 Xilinx, Inc. All Rights Reserved.
Running: C:/appz/Xilinx/Vivado/2020.2/bin/unwrapped/win64.o/xelab.exe -wto eb7cbba38b5b4341b8602c9ab87bc0f7 --incr --debug typical --relax --mt 2 -L xil_defaultlib -L secureip --snapshot tb_timer_7seg_behav xil_defaultlib.tb_timer_7seg -log elaborate.log 
Using 2 slave threads.
Starting static elaboration
ERROR: [VRFC 10-3311] expression has 10 elements ; formal 'cycle_count' expects 2 [C:/Users/240233/Documents/digitalelprojekt/project_4/project_4.srcs/sources_1/new/timer_7seg.vhd:68]
ERROR: [XSIM 43-3321] Static elaboration of top level VHDL design unit tb_timer_7seg in library work failed.
INFO: [USF-XSim-69] 'elaborate' step finished in '1' seconds
INFO: [USF-XSim-99] Step results log file:'C:/Users/240233/Documents/digitalelprojekt/project_4/project_4.sim/sim_1/behav/xsim/elaborate.log'
ERROR: [USF-XSim-62] 'elaborate' step failed with error(s). Please check the Tcl console output or 'C:/Users/240233/Documents/digitalelprojekt/project_4/project_4.sim/sim_1/behav/xsim/elaborate.log' file for more information.
ERROR: [Vivado 12-4473] Detected error while running simulation. Please correct the issue and retry this operation.
ERROR: [Common 17-39] 'launch_simulation' failed due to earlier errors.
launch_simulation
Command: launch_simulation 
INFO: [Vivado 12-5682] Launching behavioral simulation in 'C:/Users/240233/Documents/digitalelprojekt/project_4/project_4.sim/sim_1/behav/xsim'
INFO: [SIM-utils-51] Simulation object is 'sim_1'
INFO: [SIM-utils-54] Inspecting design source files for 'tb_timer_7seg' in fileset 'sim_1'...
INFO: [USF-XSim-97] Finding global include files...
INFO: [USF-XSim-98] Fetching design files from 'sim_1'...
INFO: [USF-XSim-2] XSim::Compile design
INFO: [USF-XSim-61] Executing 'COMPILE and ANALYZE' step in 'C:/Users/240233/Documents/digitalelprojekt/project_4/project_4.sim/sim_1/behav/xsim'
"xvhdl --incr --relax -prj tb_timer_7seg_vhdl.prj"
INFO: [VRFC 10-163] Analyzing VHDL file "C:/Users/240233/Documents/digitalelprojekt/project_4/project_4.srcs/sources_1/new/timer_7seg.vhd" into library xil_defaultlib
INFO: [VRFC 10-3107] analyzing entity 'timer_7seg'
INFO: [USF-XSim-69] 'compile' step finished in '1' seconds
INFO: [USF-XSim-3] XSim::Elaborate design
INFO: [USF-XSim-61] Executing 'ELABORATE' step in 'C:/Users/240233/Documents/digitalelprojekt/project_4/project_4.sim/sim_1/behav/xsim'
"xelab -wto eb7cbba38b5b4341b8602c9ab87bc0f7 --incr --debug typical --relax --mt 2 -L xil_defaultlib -L secureip --snapshot tb_timer_7seg_behav xil_defaultlib.tb_timer_7seg -log elaborate.log"
Vivado Simulator 2020.2
Copyright 1986-1999, 2001-2020 Xilinx, Inc. All Rights Reserved.
Running: C:/appz/Xilinx/Vivado/2020.2/bin/unwrapped/win64.o/xelab.exe -wto eb7cbba38b5b4341b8602c9ab87bc0f7 --incr --debug typical --relax --mt 2 -L xil_defaultlib -L secureip --snapshot tb_timer_7seg_behav xil_defaultlib.tb_timer_7seg -log elaborate.log 
Using 2 slave threads.
Starting static elaboration
ERROR: [VRFC 10-8350] formal port 'cycle_count' of mode 'out' cannot be associated with actual port 'cycle_count' of mode 'in' [C:/Users/240233/Documents/digitalelprojekt/project_4/project_4.srcs/sources_1/new/timer_7seg.vhd:31]
ERROR: [XSIM 43-3321] Static elaboration of top level VHDL design unit tb_timer_7seg in library work failed.
INFO: [USF-XSim-69] 'elaborate' step finished in '1' seconds
INFO: [USF-XSim-99] Step results log file:'C:/Users/240233/Documents/digitalelprojekt/project_4/project_4.sim/sim_1/behav/xsim/elaborate.log'
ERROR: [USF-XSim-62] 'elaborate' step failed with error(s). Please check the Tcl console output or 'C:/Users/240233/Documents/digitalelprojekt/project_4/project_4.sim/sim_1/behav/xsim/elaborate.log' file for more information.
ERROR: [Vivado 12-4473] Detected error while running simulation. Please correct the issue and retry this operation.
ERROR: [Common 17-39] 'launch_simulation' failed due to earlier errors.
launch_simulation
Command: launch_simulation 
INFO: [Vivado 12-5682] Launching behavioral simulation in 'C:/Users/240233/Documents/digitalelprojekt/project_4/project_4.sim/sim_1/behav/xsim'
INFO: [SIM-utils-51] Simulation object is 'sim_1'
INFO: [SIM-utils-54] Inspecting design source files for 'tb_timer_7seg' in fileset 'sim_1'...
INFO: [USF-XSim-97] Finding global include files...
INFO: [USF-XSim-98] Fetching design files from 'sim_1'...
INFO: [USF-XSim-2] XSim::Compile design
INFO: [USF-XSim-61] Executing 'COMPILE and ANALYZE' step in 'C:/Users/240233/Documents/digitalelprojekt/project_4/project_4.sim/sim_1/behav/xsim'
"xvhdl --incr --relax -prj tb_timer_7seg_vhdl.prj"
INFO: [VRFC 10-163] Analyzing VHDL file "C:/Users/240233/Documents/digitalelprojekt/project_4/project_4.srcs/sources_1/new/timer_7seg.vhd" into library xil_defaultlib
INFO: [VRFC 10-3107] analyzing entity 'timer_7seg'
INFO: [USF-XSim-69] 'compile' step finished in '1' seconds
INFO: [USF-XSim-3] XSim::Elaborate design
INFO: [USF-XSim-61] Executing 'ELABORATE' step in 'C:/Users/240233/Documents/digitalelprojekt/project_4/project_4.sim/sim_1/behav/xsim'
"xelab -wto eb7cbba38b5b4341b8602c9ab87bc0f7 --incr --debug typical --relax --mt 2 -L xil_defaultlib -L secureip --snapshot tb_timer_7seg_behav xil_defaultlib.tb_timer_7seg -log elaborate.log"
Vivado Simulator 2020.2
Copyright 1986-1999, 2001-2020 Xilinx, Inc. All Rights Reserved.
Running: C:/appz/Xilinx/Vivado/2020.2/bin/unwrapped/win64.o/xelab.exe -wto eb7cbba38b5b4341b8602c9ab87bc0f7 --incr --debug typical --relax --mt 2 -L xil_defaultlib -L secureip --snapshot tb_timer_7seg_behav xil_defaultlib.tb_timer_7seg -log elaborate.log 
Using 2 slave threads.
Starting static elaboration
ERROR: [VRFC 10-8350] formal port 'cycle_count' of mode 'out' cannot be associated with actual port 'cycle_count' of mode 'in' [C:/Users/240233/Documents/digitalelprojekt/project_4/project_4.srcs/sources_1/new/timer_7seg.vhd:31]
ERROR: [XSIM 43-3321] Static elaboration of top level VHDL design unit tb_timer_7seg in library work failed.
INFO: [USF-XSim-69] 'elaborate' step finished in '1' seconds
INFO: [USF-XSim-99] Step results log file:'C:/Users/240233/Documents/digitalelprojekt/project_4/project_4.sim/sim_1/behav/xsim/elaborate.log'
ERROR: [USF-XSim-62] 'elaborate' step failed with error(s). Please check the Tcl console output or 'C:/Users/240233/Documents/digitalelprojekt/project_4/project_4.sim/sim_1/behav/xsim/elaborate.log' file for more information.
ERROR: [Vivado 12-4473] Detected error while running simulation. Please correct the issue and retry this operation.
ERROR: [Common 17-39] 'launch_simulation' failed due to earlier errors.
launch_simulation
Command: launch_simulation 
INFO: [Vivado 12-5682] Launching behavioral simulation in 'C:/Users/240233/Documents/digitalelprojekt/project_4/project_4.sim/sim_1/behav/xsim'
INFO: [SIM-utils-51] Simulation object is 'sim_1'
INFO: [SIM-utils-54] Inspecting design source files for 'tb_timer_7seg' in fileset 'sim_1'...
INFO: [USF-XSim-97] Finding global include files...
INFO: [USF-XSim-98] Fetching design files from 'sim_1'...
INFO: [USF-XSim-2] XSim::Compile design
INFO: [USF-XSim-61] Executing 'COMPILE and ANALYZE' step in 'C:/Users/240233/Documents/digitalelprojekt/project_4/project_4.sim/sim_1/behav/xsim'
"xvhdl --incr --relax -prj tb_timer_7seg_vhdl.prj"
INFO: [VRFC 10-163] Analyzing VHDL file "C:/Users/240233/Documents/digitalelprojekt/project_4/project_4.srcs/sources_1/new/timer_7seg.vhd" into library xil_defaultlib
INFO: [VRFC 10-3107] analyzing entity 'timer_7seg'
INFO: [USF-XSim-69] 'compile' step finished in '1' seconds
INFO: [USF-XSim-3] XSim::Elaborate design
INFO: [USF-XSim-61] Executing 'ELABORATE' step in 'C:/Users/240233/Documents/digitalelprojekt/project_4/project_4.sim/sim_1/behav/xsim'
"xelab -wto eb7cbba38b5b4341b8602c9ab87bc0f7 --incr --debug typical --relax --mt 2 -L xil_defaultlib -L secureip --snapshot tb_timer_7seg_behav xil_defaultlib.tb_timer_7seg -log elaborate.log"
Vivado Simulator 2020.2
Copyright 1986-1999, 2001-2020 Xilinx, Inc. All Rights Reserved.
Running: C:/appz/Xilinx/Vivado/2020.2/bin/unwrapped/win64.o/xelab.exe -wto eb7cbba38b5b4341b8602c9ab87bc0f7 --incr --debug typical --relax --mt 2 -L xil_defaultlib -L secureip --snapshot tb_timer_7seg_behav xil_defaultlib.tb_timer_7seg -log elaborate.log 
Using 2 slave threads.
Starting static elaboration
ERROR: [VRFC 10-664] expression has 2 elements ; expected 10 [C:/Users/240233/Documents/digitalelprojekt/project_4/project_4.srcs/sources_1/new/timer_7seg.vhd:72]
ERROR: [XSIM 43-3321] Static elaboration of top level VHDL design unit tb_timer_7seg in library work failed.
INFO: [USF-XSim-69] 'elaborate' step finished in '2' seconds
INFO: [USF-XSim-99] Step results log file:'C:/Users/240233/Documents/digitalelprojekt/project_4/project_4.sim/sim_1/behav/xsim/elaborate.log'
ERROR: [USF-XSim-62] 'elaborate' step failed with error(s). Please check the Tcl console output or 'C:/Users/240233/Documents/digitalelprojekt/project_4/project_4.sim/sim_1/behav/xsim/elaborate.log' file for more information.
ERROR: [Vivado 12-4473] Detected error while running simulation. Please correct the issue and retry this operation.
ERROR: [Common 17-39] 'launch_simulation' failed due to earlier errors.
launch_simulation
Command: launch_simulation 
INFO: [Vivado 12-5682] Launching behavioral simulation in 'C:/Users/240233/Documents/digitalelprojekt/project_4/project_4.sim/sim_1/behav/xsim'
INFO: [SIM-utils-51] Simulation object is 'sim_1'
INFO: [SIM-utils-54] Inspecting design source files for 'tb_timer_7seg' in fileset 'sim_1'...
INFO: [USF-XSim-97] Finding global include files...
INFO: [USF-XSim-98] Fetching design files from 'sim_1'...
INFO: [USF-XSim-2] XSim::Compile design
INFO: [USF-XSim-61] Executing 'COMPILE and ANALYZE' step in 'C:/Users/240233/Documents/digitalelprojekt/project_4/project_4.sim/sim_1/behav/xsim'
"xvhdl --incr --relax -prj tb_timer_7seg_vhdl.prj"
INFO: [VRFC 10-163] Analyzing VHDL file "C:/Users/240233/Documents/digitalelprojekt/project_4/project_4.srcs/sim_1/new/7seg_k.vhd" into library xil_defaultlib
INFO: [VRFC 10-3107] analyzing entity 'hex_7seg_k'
INFO: [VRFC 10-163] Analyzing VHDL file "C:/Users/240233/Documents/digitalelprojekt/project_4/project_4.srcs/sources_1/new/timer_7seg.vhd" into library xil_defaultlib
INFO: [VRFC 10-3107] analyzing entity 'timer_7seg'
INFO: [USF-XSim-69] 'compile' step finished in '1' seconds
INFO: [USF-XSim-3] XSim::Elaborate design
INFO: [USF-XSim-61] Executing 'ELABORATE' step in 'C:/Users/240233/Documents/digitalelprojekt/project_4/project_4.sim/sim_1/behav/xsim'
"xelab -wto eb7cbba38b5b4341b8602c9ab87bc0f7 --incr --debug typical --relax --mt 2 -L xil_defaultlib -L secureip --snapshot tb_timer_7seg_behav xil_defaultlib.tb_timer_7seg -log elaborate.log"
Vivado Simulator 2020.2
Copyright 1986-1999, 2001-2020 Xilinx, Inc. All Rights Reserved.
Running: C:/appz/Xilinx/Vivado/2020.2/bin/unwrapped/win64.o/xelab.exe -wto eb7cbba38b5b4341b8602c9ab87bc0f7 --incr --debug typical --relax --mt 2 -L xil_defaultlib -L secureip --snapshot tb_timer_7seg_behav xil_defaultlib.tb_timer_7seg -log elaborate.log 
Using 2 slave threads.
Starting static elaboration
ERROR: [VRFC 10-3311] expression has 2 elements ; formal 'hex' expects 4 [C:/Users/240233/Documents/digitalelprojekt/project_4/project_4.srcs/sources_1/new/timer_7seg.vhd:86]
ERROR: [XSIM 43-3321] Static elaboration of top level VHDL design unit tb_timer_7seg in library work failed.
INFO: [USF-XSim-69] 'elaborate' step finished in '2' seconds
INFO: [USF-XSim-99] Step results log file:'C:/Users/240233/Documents/digitalelprojekt/project_4/project_4.sim/sim_1/behav/xsim/elaborate.log'
ERROR: [USF-XSim-62] 'elaborate' step failed with error(s). Please check the Tcl console output or 'C:/Users/240233/Documents/digitalelprojekt/project_4/project_4.sim/sim_1/behav/xsim/elaborate.log' file for more information.
ERROR: [Vivado 12-4473] Detected error while running simulation. Please correct the issue and retry this operation.
ERROR: [Common 17-39] 'launch_simulation' failed due to earlier errors.
launch_simulation
Command: launch_simulation 
INFO: [Vivado 12-5682] Launching behavioral simulation in 'C:/Users/240233/Documents/digitalelprojekt/project_4/project_4.sim/sim_1/behav/xsim'
INFO: [SIM-utils-51] Simulation object is 'sim_1'
INFO: [SIM-utils-54] Inspecting design source files for 'tb_timer_7seg' in fileset 'sim_1'...
INFO: [USF-XSim-97] Finding global include files...
INFO: [USF-XSim-98] Fetching design files from 'sim_1'...
INFO: [USF-XSim-2] XSim::Compile design
INFO: [USF-XSim-61] Executing 'COMPILE and ANALYZE' step in 'C:/Users/240233/Documents/digitalelprojekt/project_4/project_4.sim/sim_1/behav/xsim'
"xvhdl --incr --relax -prj tb_timer_7seg_vhdl.prj"
INFO: [VRFC 10-163] Analyzing VHDL file "C:/Users/240233/Documents/digitalelprojekt/project_4/project_4.srcs/sources_1/new/timer_7seg.vhd" into library xil_defaultlib
INFO: [VRFC 10-3107] analyzing entity 'timer_7seg'
INFO: [USF-XSim-69] 'compile' step finished in '1' seconds
INFO: [USF-XSim-3] XSim::Elaborate design
INFO: [USF-XSim-61] Executing 'ELABORATE' step in 'C:/Users/240233/Documents/digitalelprojekt/project_4/project_4.sim/sim_1/behav/xsim'
"xelab -wto eb7cbba38b5b4341b8602c9ab87bc0f7 --incr --debug typical --relax --mt 2 -L xil_defaultlib -L secureip --snapshot tb_timer_7seg_behav xil_defaultlib.tb_timer_7seg -log elaborate.log"
Vivado Simulator 2020.2
Copyright 1986-1999, 2001-2020 Xilinx, Inc. All Rights Reserved.
Running: C:/appz/Xilinx/Vivado/2020.2/bin/unwrapped/win64.o/xelab.exe -wto eb7cbba38b5b4341b8602c9ab87bc0f7 --incr --debug typical --relax --mt 2 -L xil_defaultlib -L secureip --snapshot tb_timer_7seg_behav xil_defaultlib.tb_timer_7seg -log elaborate.log 
Using 2 slave threads.
Starting static elaboration
Completed static elaboration
Starting simulation data flow analysis
Completed simulation data flow analysis
Time Resolution for simulation is 1ps
Compiling package std.standard
Compiling package std.textio
Compiling package ieee.std_logic_1164
Compiling package ieee.numeric_std
Compiling architecture behavioral of entity xil_defaultlib.timer [timer_default]
Compiling architecture behavioral of entity xil_defaultlib.hex_7seg [hex_7seg_default]
Compiling architecture behavioral of entity xil_defaultlib.hex_7seg_k [hex_7seg_k_default]
Compiling architecture behavioral of entity xil_defaultlib.timer_7seg [timer_7seg_default]
Compiling architecture behavioral of entity xil_defaultlib.tb_timer_7seg
Built simulation snapshot tb_timer_7seg_behav
INFO: [USF-XSim-69] 'elaborate' step finished in '2' seconds
INFO: [USF-XSim-4] XSim::Simulate design
INFO: [USF-XSim-61] Executing 'SIMULATE' step in 'C:/Users/240233/Documents/digitalelprojekt/project_4/project_4.sim/sim_1/behav/xsim'
INFO: [USF-XSim-98] *** Running xsim
   with args "tb_timer_7seg_behav -key {Behavioral:sim_1:Functional:tb_timer_7seg} -tclbatch {tb_timer_7seg.tcl} -log {simulate.log}"
INFO: [USF-XSim-8] Loading simulator feature
Vivado Simulator 2020.2
Time resolution is 1 ps
source tb_timer_7seg.tcl
# set curr_wave [current_wave_config]
# if { [string length $curr_wave] == 0 } {
#   if { [llength [get_objects]] > 0} {
#     add_wave /
#     set_property needs_save false [current_wave_config]
#   } else {
#      send_msg_id Add_Wave-1 WARNING "No top level signals found. Simulator will start without a wave window. If you want to open a wave window go to 'File->New Waveform Configuration' or type 'create_wave_config' in the TCL console."
#   }
# }
# run 1000ns
INFO: [USF-XSim-96] XSim completed. Design snapshot 'tb_timer_7seg_behav' loaded.
INFO: [USF-XSim-97] XSim simulation ran for 1000ns
launch_simulation: Time (s): cpu = 00:00:01 ; elapsed = 00:00:06 . Memory (MB): peak = 1480.566 ; gain = 0.000
current_wave_config {Untitled 4}
Untitled 4
add_wave {{/tb_timer_7seg/inst_timer_7seg/inst_hex_7seg_k/seg}} 
current_wave_config {Untitled 4}
Untitled 4
add_wave {{/tb_timer_7seg/inst_timer_7seg/inst_hex_7seg_k/hex}} 
relaunch_sim
Command: launch_simulation -simset sim_1 -mode behavioral
INFO: [Vivado 12-5682] Launching behavioral simulation in 'C:/Users/240233/Documents/digitalelprojekt/project_4/project_4.sim/sim_1/behav/xsim'
INFO: [SIM-utils-51] Simulation object is 'sim_1'
INFO: [SIM-utils-54] Inspecting design source files for 'tb_timer_7seg' in fileset 'sim_1'...
INFO: [USF-XSim-97] Finding global include files...
INFO: [USF-XSim-98] Fetching design files from 'sim_1'...
INFO: [USF-XSim-2] XSim::Compile design
INFO: [USF-XSim-61] Executing 'COMPILE and ANALYZE' step in 'C:/Users/240233/Documents/digitalelprojekt/project_4/project_4.sim/sim_1/behav/xsim'
"xvhdl --incr --relax -prj tb_timer_7seg_vhdl.prj"
INFO: [USF-XSim-69] 'compile' step finished in '1' seconds
Command: launch_simulation -simset sim_1 -mode behavioral
INFO: [Vivado 12-5682] Launching behavioral simulation in 'C:/Users/240233/Documents/digitalelprojekt/project_4/project_4.sim/sim_1/behav/xsim'
INFO: [USF-XSim-3] XSim::Elaborate design
INFO: [USF-XSim-61] Executing 'ELABORATE' step in 'C:/Users/240233/Documents/digitalelprojekt/project_4/project_4.sim/sim_1/behav/xsim'
"xelab -wto eb7cbba38b5b4341b8602c9ab87bc0f7 --incr --debug typical --relax --mt 2 -L xil_defaultlib -L secureip --snapshot tb_timer_7seg_behav xil_defaultlib.tb_timer_7seg -log elaborate.log"
Vivado Simulator 2020.2
Copyright 1986-1999, 2001-2020 Xilinx, Inc. All Rights Reserved.
Running: C:/appz/Xilinx/Vivado/2020.2/bin/unwrapped/win64.o/xelab.exe -wto eb7cbba38b5b4341b8602c9ab87bc0f7 --incr --debug typical --relax --mt 2 -L xil_defaultlib -L secureip --snapshot tb_timer_7seg_behav xil_defaultlib.tb_timer_7seg -log elaborate.log 
Using 2 slave threads.
Starting static elaboration
Completed static elaboration
INFO: [XSIM 43-4323] No Change in HDL. Linking previously generated obj files to create kernel
INFO: [USF-XSim-69] 'elaborate' step finished in '2' seconds
Vivado Simulator 2020.2
Time resolution is 1 ps
relaunch_sim: Time (s): cpu = 00:00:01 ; elapsed = 00:00:05 . Memory (MB): peak = 1480.566 ; gain = 0.000
current_wave_config {Untitled 4}
Untitled 4
add_wave {{/tb_timer_7seg/inst_timer_7seg/inst_hex_7seg/hex}} 
relaunch_sim
Command: launch_simulation -simset sim_1 -mode behavioral
INFO: [Vivado 12-5682] Launching behavioral simulation in 'C:/Users/240233/Documents/digitalelprojekt/project_4/project_4.sim/sim_1/behav/xsim'
INFO: [SIM-utils-51] Simulation object is 'sim_1'
INFO: [SIM-utils-54] Inspecting design source files for 'tb_timer_7seg' in fileset 'sim_1'...
INFO: [USF-XSim-97] Finding global include files...
INFO: [USF-XSim-98] Fetching design files from 'sim_1'...
INFO: [USF-XSim-2] XSim::Compile design
INFO: [USF-XSim-61] Executing 'COMPILE and ANALYZE' step in 'C:/Users/240233/Documents/digitalelprojekt/project_4/project_4.sim/sim_1/behav/xsim'
"xvhdl --incr --relax -prj tb_timer_7seg_vhdl.prj"
INFO: [USF-XSim-69] 'compile' step finished in '1' seconds
Command: launch_simulation -simset sim_1 -mode behavioral
INFO: [Vivado 12-5682] Launching behavioral simulation in 'C:/Users/240233/Documents/digitalelprojekt/project_4/project_4.sim/sim_1/behav/xsim'
INFO: [USF-XSim-3] XSim::Elaborate design
INFO: [USF-XSim-61] Executing 'ELABORATE' step in 'C:/Users/240233/Documents/digitalelprojekt/project_4/project_4.sim/sim_1/behav/xsim'
"xelab -wto eb7cbba38b5b4341b8602c9ab87bc0f7 --incr --debug typical --relax --mt 2 -L xil_defaultlib -L secureip --snapshot tb_timer_7seg_behav xil_defaultlib.tb_timer_7seg -log elaborate.log"
Vivado Simulator 2020.2
Copyright 1986-1999, 2001-2020 Xilinx, Inc. All Rights Reserved.
Running: C:/appz/Xilinx/Vivado/2020.2/bin/unwrapped/win64.o/xelab.exe -wto eb7cbba38b5b4341b8602c9ab87bc0f7 --incr --debug typical --relax --mt 2 -L xil_defaultlib -L secureip --snapshot tb_timer_7seg_behav xil_defaultlib.tb_timer_7seg -log elaborate.log 
Using 2 slave threads.
Starting static elaboration
Completed static elaboration
INFO: [XSIM 43-4323] No Change in HDL. Linking previously generated obj files to create kernel
INFO: [USF-XSim-69] 'elaborate' step finished in '1' seconds
Vivado Simulator 2020.2
Time resolution is 1 ps
relaunch_sim: Time (s): cpu = 00:00:01 ; elapsed = 00:00:05 . Memory (MB): peak = 1480.566 ; gain = 0.000
relaunch_sim
Command: launch_simulation -simset sim_1 -mode behavioral
INFO: [Vivado 12-5682] Launching behavioral simulation in 'C:/Users/240233/Documents/digitalelprojekt/project_4/project_4.sim/sim_1/behav/xsim'
INFO: [SIM-utils-51] Simulation object is 'sim_1'
INFO: [SIM-utils-54] Inspecting design source files for 'tb_timer_7seg' in fileset 'sim_1'...
INFO: [USF-XSim-97] Finding global include files...
INFO: [USF-XSim-98] Fetching design files from 'sim_1'...
INFO: [USF-XSim-2] XSim::Compile design
INFO: [USF-XSim-61] Executing 'COMPILE and ANALYZE' step in 'C:/Users/240233/Documents/digitalelprojekt/project_4/project_4.sim/sim_1/behav/xsim'
"xvhdl --incr --relax -prj tb_timer_7seg_vhdl.prj"
INFO: [VRFC 10-163] Analyzing VHDL file "C:/Users/240233/Documents/digitalelprojekt/project_4/project_4.srcs/sim_1/new/7seg_k.vhd" into library xil_defaultlib
INFO: [VRFC 10-3107] analyzing entity 'hex_7seg_k'
INFO: [VRFC 10-163] Analyzing VHDL file "C:/Users/240233/Documents/digitalelprojekt/project_4/project_4.srcs/sources_1/new/timer_7seg.vhd" into library xil_defaultlib
INFO: [VRFC 10-3107] analyzing entity 'timer_7seg'
INFO: [USF-XSim-69] 'compile' step finished in '1' seconds
Command: launch_simulation -simset sim_1 -mode behavioral
INFO: [Vivado 12-5682] Launching behavioral simulation in 'C:/Users/240233/Documents/digitalelprojekt/project_4/project_4.sim/sim_1/behav/xsim'
INFO: [USF-XSim-3] XSim::Elaborate design
INFO: [USF-XSim-61] Executing 'ELABORATE' step in 'C:/Users/240233/Documents/digitalelprojekt/project_4/project_4.sim/sim_1/behav/xsim'
"xelab -wto eb7cbba38b5b4341b8602c9ab87bc0f7 --incr --debug typical --relax --mt 2 -L xil_defaultlib -L secureip --snapshot tb_timer_7seg_behav xil_defaultlib.tb_timer_7seg -log elaborate.log"
Vivado Simulator 2020.2
Copyright 1986-1999, 2001-2020 Xilinx, Inc. All Rights Reserved.
Running: C:/appz/Xilinx/Vivado/2020.2/bin/unwrapped/win64.o/xelab.exe -wto eb7cbba38b5b4341b8602c9ab87bc0f7 --incr --debug typical --relax --mt 2 -L xil_defaultlib -L secureip --snapshot tb_timer_7seg_behav xil_defaultlib.tb_timer_7seg -log elaborate.log 
Using 2 slave threads.
Starting static elaboration
ERROR: [VRFC 10-3311] expression has 10 elements ; formal 'hex' expects 2 [C:/Users/240233/Documents/digitalelprojekt/project_4/project_4.srcs/sources_1/new/timer_7seg.vhd:105]
WARNING: [VRFC 10-4940] 'hex_7seg_p' remains a black box since it has no binding entity [C:/Users/240233/Documents/digitalelprojekt/project_4/project_4.srcs/sources_1/new/timer_7seg.vhd:102]
ERROR: [XSIM 43-3321] Static elaboration of top level VHDL design unit tb_timer_7seg in library work failed.
INFO: [USF-XSim-69] 'elaborate' step finished in '2' seconds
INFO: [USF-XSim-99] Step results log file:'C:/Users/240233/Documents/digitalelprojekt/project_4/project_4.sim/sim_1/behav/xsim/elaborate.log'
ERROR: [USF-XSim-62] 'elaborate' step failed with error(s). Please check the Tcl console output or 'C:/Users/240233/Documents/digitalelprojekt/project_4/project_4.sim/sim_1/behav/xsim/elaborate.log' file for more information.
ERROR: [Vivado 12-4473] Detected error while running simulation. Please correct the issue and retry this operation.
ERROR: [Common 17-39] 'launch_simulation' failed due to earlier errors.
ERROR: [Common 17-69] Command failed: ERROR: [Common 17-39] 'launch_simulation' failed due to earlier errors.

close_sim
INFO: [Simtcl 6-16] Simulation closed
launch_simulation
Command: launch_simulation 
INFO: [Vivado 12-5682] Launching behavioral simulation in 'C:/Users/240233/Documents/digitalelprojekt/project_4/project_4.sim/sim_1/behav/xsim'
INFO: [SIM-utils-51] Simulation object is 'sim_1'
INFO: [SIM-utils-54] Inspecting design source files for 'tb_timer_7seg' in fileset 'sim_1'...
INFO: [USF-XSim-97] Finding global include files...
INFO: [USF-XSim-98] Fetching design files from 'sim_1'...
INFO: [USF-XSim-2] XSim::Compile design
INFO: [USF-XSim-61] Executing 'COMPILE and ANALYZE' step in 'C:/Users/240233/Documents/digitalelprojekt/project_4/project_4.sim/sim_1/behav/xsim'
"xvhdl --incr --relax -prj tb_timer_7seg_vhdl.prj"
INFO: [VRFC 10-163] Analyzing VHDL file "C:/Users/240233/Documents/digitalelprojekt/project_4/project_4.srcs/sources_1/new/7seg_p.vhd" into library xil_defaultlib
INFO: [VRFC 10-3107] analyzing entity 'hex_7seg_p'
INFO: [USF-XSim-69] 'compile' step finished in '1' seconds
INFO: [USF-XSim-3] XSim::Elaborate design
INFO: [USF-XSim-61] Executing 'ELABORATE' step in 'C:/Users/240233/Documents/digitalelprojekt/project_4/project_4.sim/sim_1/behav/xsim'
"xelab -wto eb7cbba38b5b4341b8602c9ab87bc0f7 --incr --debug typical --relax --mt 2 -L xil_defaultlib -L secureip --snapshot tb_timer_7seg_behav xil_defaultlib.tb_timer_7seg -log elaborate.log"
Vivado Simulator 2020.2
Copyright 1986-1999, 2001-2020 Xilinx, Inc. All Rights Reserved.
Running: C:/appz/Xilinx/Vivado/2020.2/bin/unwrapped/win64.o/xelab.exe -wto eb7cbba38b5b4341b8602c9ab87bc0f7 --incr --debug typical --relax --mt 2 -L xil_defaultlib -L secureip --snapshot tb_timer_7seg_behav xil_defaultlib.tb_timer_7seg -log elaborate.log 
Using 2 slave threads.
Starting static elaboration
ERROR: [VRFC 10-3311] expression has 10 elements ; formal 'hex' expects 2 [C:/Users/240233/Documents/digitalelprojekt/project_4/project_4.srcs/sources_1/new/timer_7seg.vhd:105]
ERROR: [XSIM 43-3321] Static elaboration of top level VHDL design unit tb_timer_7seg in library work failed.
INFO: [USF-XSim-69] 'elaborate' step finished in '2' seconds
INFO: [USF-XSim-99] Step results log file:'C:/Users/240233/Documents/digitalelprojekt/project_4/project_4.sim/sim_1/behav/xsim/elaborate.log'
ERROR: [USF-XSim-62] 'elaborate' step failed with error(s). Please check the Tcl console output or 'C:/Users/240233/Documents/digitalelprojekt/project_4/project_4.sim/sim_1/behav/xsim/elaborate.log' file for more information.
ERROR: [Vivado 12-4473] Detected error while running simulation. Please correct the issue and retry this operation.
ERROR: [Common 17-39] 'launch_simulation' failed due to earlier errors.
update_compile_order -fileset sources_1
launch_simulation
Command: launch_simulation 
INFO: [Vivado 12-5682] Launching behavioral simulation in 'C:/Users/240233/Documents/digitalelprojekt/project_4/project_4.sim/sim_1/behav/xsim'
INFO: [SIM-utils-51] Simulation object is 'sim_1'
INFO: [SIM-utils-54] Inspecting design source files for 'tb_timer_7seg' in fileset 'sim_1'...
INFO: [USF-XSim-97] Finding global include files...
INFO: [USF-XSim-98] Fetching design files from 'sim_1'...
INFO: [USF-XSim-2] XSim::Compile design
INFO: [USF-XSim-61] Executing 'COMPILE and ANALYZE' step in 'C:/Users/240233/Documents/digitalelprojekt/project_4/project_4.sim/sim_1/behav/xsim'
"xvhdl --incr --relax -prj tb_timer_7seg_vhdl.prj"
INFO: [VRFC 10-163] Analyzing VHDL file "C:/Users/240233/Documents/digitalelprojekt/project_4/project_4.srcs/sources_1/new/timer_7seg.vhd" into library xil_defaultlib
INFO: [VRFC 10-3107] analyzing entity 'timer_7seg'
INFO: [USF-XSim-69] 'compile' step finished in '1' seconds
INFO: [USF-XSim-3] XSim::Elaborate design
INFO: [USF-XSim-61] Executing 'ELABORATE' step in 'C:/Users/240233/Documents/digitalelprojekt/project_4/project_4.sim/sim_1/behav/xsim'
"xelab -wto eb7cbba38b5b4341b8602c9ab87bc0f7 --incr --debug typical --relax --mt 2 -L xil_defaultlib -L secureip --snapshot tb_timer_7seg_behav xil_defaultlib.tb_timer_7seg -log elaborate.log"
Vivado Simulator 2020.2
Copyright 1986-1999, 2001-2020 Xilinx, Inc. All Rights Reserved.
Running: C:/appz/Xilinx/Vivado/2020.2/bin/unwrapped/win64.o/xelab.exe -wto eb7cbba38b5b4341b8602c9ab87bc0f7 --incr --debug typical --relax --mt 2 -L xil_defaultlib -L secureip --snapshot tb_timer_7seg_behav xil_defaultlib.tb_timer_7seg -log elaborate.log 
Using 2 slave threads.
Starting static elaboration
ERROR: [VRFC 10-718] formal port <seg1> does not exist in entity <hex_7seg_p>.  Please compare the definition of block <hex_7seg_p> to its component declaration and its instantion to detect the mismatch. [C:/Users/240233/Documents/digitalelprojekt/project_4/project_4.srcs/sources_1/new/timer_7seg.vhd:58]
ERROR: [VRFC 10-718] formal port <seg2> does not exist in entity <hex_7seg_p>.  Please compare the definition of block <hex_7seg_p> to its component declaration and its instantion to detect the mismatch. [C:/Users/240233/Documents/digitalelprojekt/project_4/project_4.srcs/sources_1/new/timer_7seg.vhd:59]
ERROR: [XSIM 43-3321] Static elaboration of top level VHDL design unit tb_timer_7seg in library work failed.
INFO: [USF-XSim-69] 'elaborate' step finished in '2' seconds
INFO: [USF-XSim-99] Step results log file:'C:/Users/240233/Documents/digitalelprojekt/project_4/project_4.sim/sim_1/behav/xsim/elaborate.log'
ERROR: [USF-XSim-62] 'elaborate' step failed with error(s). Please check the Tcl console output or 'C:/Users/240233/Documents/digitalelprojekt/project_4/project_4.sim/sim_1/behav/xsim/elaborate.log' file for more information.
ERROR: [Vivado 12-4473] Detected error while running simulation. Please correct the issue and retry this operation.
ERROR: [Common 17-39] 'launch_simulation' failed due to earlier errors.
launch_simulation
Command: launch_simulation 
INFO: [Vivado 12-5682] Launching behavioral simulation in 'C:/Users/240233/Documents/digitalelprojekt/project_4/project_4.sim/sim_1/behav/xsim'
INFO: [SIM-utils-51] Simulation object is 'sim_1'
INFO: [SIM-utils-54] Inspecting design source files for 'tb_timer_7seg' in fileset 'sim_1'...
INFO: [USF-XSim-97] Finding global include files...
INFO: [USF-XSim-98] Fetching design files from 'sim_1'...
INFO: [USF-XSim-2] XSim::Compile design
INFO: [USF-XSim-61] Executing 'COMPILE and ANALYZE' step in 'C:/Users/240233/Documents/digitalelprojekt/project_4/project_4.sim/sim_1/behav/xsim'
"xvhdl --incr --relax -prj tb_timer_7seg_vhdl.prj"
INFO: [VRFC 10-163] Analyzing VHDL file "C:/Users/240233/Documents/digitalelprojekt/project_4/project_4.srcs/sources_1/new/timer_7seg.vhd" into library xil_defaultlib
INFO: [VRFC 10-3107] analyzing entity 'timer_7seg'
ERROR: [VRFC 10-719] formal port/generic <seg1> is not declared in <hex_7seg_p> [C:/Users/240233/Documents/digitalelprojekt/project_4/project_4.srcs/sources_1/new/timer_7seg.vhd:106]
ERROR: [VRFC 10-3782] unit 'behavioral' ignored due to previous errors [C:/Users/240233/Documents/digitalelprojekt/project_4/project_4.srcs/sources_1/new/timer_7seg.vhd:17]
INFO: [VRFC 10-3070] VHDL file 'C:/Users/240233/Documents/digitalelprojekt/project_4/project_4.srcs/sources_1/new/timer_7seg.vhd' ignored due to errors
INFO: [USF-XSim-69] 'compile' step finished in '1' seconds
INFO: [USF-XSim-99] Step results log file:'C:/Users/240233/Documents/digitalelprojekt/project_4/project_4.sim/sim_1/behav/xsim/xvhdl.log'
ERROR: [USF-XSim-62] 'compile' step failed with error(s). Please check the Tcl console output or 'C:/Users/240233/Documents/digitalelprojekt/project_4/project_4.sim/sim_1/behav/xsim/xvhdl.log' file for more information.
ERROR: [Vivado 12-4473] Detected error while running simulation. Please correct the issue and retry this operation.
ERROR: [Common 17-39] 'launch_simulation' failed due to earlier errors.
launch_simulation
Command: launch_simulation 
INFO: [Vivado 12-5682] Launching behavioral simulation in 'C:/Users/240233/Documents/digitalelprojekt/project_4/project_4.sim/sim_1/behav/xsim'
INFO: [SIM-utils-51] Simulation object is 'sim_1'
INFO: [SIM-utils-54] Inspecting design source files for 'tb_timer_7seg' in fileset 'sim_1'...
INFO: [USF-XSim-97] Finding global include files...
INFO: [USF-XSim-98] Fetching design files from 'sim_1'...
INFO: [USF-XSim-2] XSim::Compile design
INFO: [USF-XSim-61] Executing 'COMPILE and ANALYZE' step in 'C:/Users/240233/Documents/digitalelprojekt/project_4/project_4.sim/sim_1/behav/xsim'
"xvhdl --incr --relax -prj tb_timer_7seg_vhdl.prj"
INFO: [VRFC 10-163] Analyzing VHDL file "C:/Users/240233/Documents/digitalelprojekt/project_4/project_4.srcs/sources_1/new/7seg_p.vhd" into library xil_defaultlib
INFO: [VRFC 10-3107] analyzing entity 'hex_7seg_p'
INFO: [VRFC 10-163] Analyzing VHDL file "C:/Users/240233/Documents/digitalelprojekt/project_4/project_4.srcs/sources_1/new/timer_7seg.vhd" into library xil_defaultlib
INFO: [VRFC 10-3107] analyzing entity 'timer_7seg'
INFO: [USF-XSim-69] 'compile' step finished in '1' seconds
INFO: [USF-XSim-3] XSim::Elaborate design
INFO: [USF-XSim-61] Executing 'ELABORATE' step in 'C:/Users/240233/Documents/digitalelprojekt/project_4/project_4.sim/sim_1/behav/xsim'
"xelab -wto eb7cbba38b5b4341b8602c9ab87bc0f7 --incr --debug typical --relax --mt 2 -L xil_defaultlib -L secureip --snapshot tb_timer_7seg_behav xil_defaultlib.tb_timer_7seg -log elaborate.log"
Vivado Simulator 2020.2
Copyright 1986-1999, 2001-2020 Xilinx, Inc. All Rights Reserved.
Running: C:/appz/Xilinx/Vivado/2020.2/bin/unwrapped/win64.o/xelab.exe -wto eb7cbba38b5b4341b8602c9ab87bc0f7 --incr --debug typical --relax --mt 2 -L xil_defaultlib -L secureip --snapshot tb_timer_7seg_behav xil_defaultlib.tb_timer_7seg -log elaborate.log 
Using 2 slave threads.
Starting static elaboration
Completed static elaboration
Starting simulation data flow analysis
Completed simulation data flow analysis
Time Resolution for simulation is 1ps
Compiling package std.standard
Compiling package std.textio
Compiling package ieee.std_logic_1164
Compiling package ieee.numeric_std
Compiling architecture behavioral of entity xil_defaultlib.timer [timer_default]
Compiling architecture behavioral of entity xil_defaultlib.hex_7seg [hex_7seg_default]
Compiling architecture behavioral of entity xil_defaultlib.hex_7seg_k [hex_7seg_k_default]
Compiling architecture behavioral of entity xil_defaultlib.hex_7seg_p [hex_7seg_p_default]
Compiling architecture behavioral of entity xil_defaultlib.timer_7seg [timer_7seg_default]
Compiling architecture behavioral of entity xil_defaultlib.tb_timer_7seg
Built simulation snapshot tb_timer_7seg_behav
INFO: [USF-XSim-69] 'elaborate' step finished in '2' seconds
INFO: [USF-XSim-4] XSim::Simulate design
INFO: [USF-XSim-61] Executing 'SIMULATE' step in 'C:/Users/240233/Documents/digitalelprojekt/project_4/project_4.sim/sim_1/behav/xsim'
INFO: [USF-XSim-98] *** Running xsim
   with args "tb_timer_7seg_behav -key {Behavioral:sim_1:Functional:tb_timer_7seg} -tclbatch {tb_timer_7seg.tcl} -log {simulate.log}"
INFO: [USF-XSim-8] Loading simulator feature
Vivado Simulator 2020.2
Time resolution is 1 ps
source tb_timer_7seg.tcl
# set curr_wave [current_wave_config]
# if { [string length $curr_wave] == 0 } {
#   if { [llength [get_objects]] > 0} {
#     add_wave /
#     set_property needs_save false [current_wave_config]
#   } else {
#      send_msg_id Add_Wave-1 WARNING "No top level signals found. Simulator will start without a wave window. If you want to open a wave window go to 'File->New Waveform Configuration' or type 'create_wave_config' in the TCL console."
#   }
# }
# run 1000ns
INFO: [USF-XSim-96] XSim completed. Design snapshot 'tb_timer_7seg_behav' loaded.
INFO: [USF-XSim-97] XSim simulation ran for 1000ns
launch_simulation: Time (s): cpu = 00:00:02 ; elapsed = 00:00:06 . Memory (MB): peak = 1480.566 ; gain = 0.000
current_wave_config {Untitled 5}
Untitled 5
add_wave {{/tb_timer_7seg/inst_timer_7seg/inst_hex_7seg_p/seg2}} 
current_wave_config {Untitled 5}
Untitled 5
add_wave {{/tb_timer_7seg/inst_timer_7seg/inst_hex_7seg_p/seg1}} 
close_sim
INFO: [Simtcl 6-16] Simulation closed
launch_simulation
Command: launch_simulation 
INFO: [Vivado 12-5682] Launching behavioral simulation in 'C:/Users/240233/Documents/digitalelprojekt/project_4/project_4.sim/sim_1/behav/xsim'
INFO: [SIM-utils-51] Simulation object is 'sim_1'
INFO: [SIM-utils-54] Inspecting design source files for 'tb_timer_7seg' in fileset 'sim_1'...
INFO: [USF-XSim-97] Finding global include files...
INFO: [USF-XSim-98] Fetching design files from 'sim_1'...
INFO: [USF-XSim-2] XSim::Compile design
INFO: [USF-XSim-61] Executing 'COMPILE and ANALYZE' step in 'C:/Users/240233/Documents/digitalelprojekt/project_4/project_4.sim/sim_1/behav/xsim'
"xvhdl --incr --relax -prj tb_timer_7seg_vhdl.prj"
INFO: [VRFC 10-163] Analyzing VHDL file "C:/Users/240233/Documents/digitalelprojekt/project_4/project_4.srcs/sources_1/new/7seg_p.vhd" into library xil_defaultlib
INFO: [VRFC 10-3107] analyzing entity 'hex_7seg_p'
INFO: [VRFC 10-163] Analyzing VHDL file "C:/Users/240233/Documents/digitalelprojekt/project_4/project_4.srcs/sources_1/new/timer_7seg.vhd" into library xil_defaultlib
INFO: [VRFC 10-3107] analyzing entity 'timer_7seg'
ERROR: [VRFC 10-2989] 'seg1_p' is not declared [C:/Users/240233/Documents/digitalelprojekt/project_4/project_4.srcs/sources_1/new/timer_7seg.vhd:106]
ERROR: [VRFC 10-3095] actual of formal out port 'seg1_p' cannot be an expression [C:/Users/240233/Documents/digitalelprojekt/project_4/project_4.srcs/sources_1/new/timer_7seg.vhd:106]
ERROR: [VRFC 10-2989] 'seg2_p' is not declared [C:/Users/240233/Documents/digitalelprojekt/project_4/project_4.srcs/sources_1/new/timer_7seg.vhd:107]
ERROR: [VRFC 10-3095] actual of formal out port 'seg2_p' cannot be an expression [C:/Users/240233/Documents/digitalelprojekt/project_4/project_4.srcs/sources_1/new/timer_7seg.vhd:107]
ERROR: [VRFC 10-3782] unit 'behavioral' ignored due to previous errors [C:/Users/240233/Documents/digitalelprojekt/project_4/project_4.srcs/sources_1/new/timer_7seg.vhd:17]
INFO: [VRFC 10-3070] VHDL file 'C:/Users/240233/Documents/digitalelprojekt/project_4/project_4.srcs/sources_1/new/timer_7seg.vhd' ignored due to errors
INFO: [USF-XSim-69] 'compile' step finished in '1' seconds
INFO: [USF-XSim-99] Step results log file:'C:/Users/240233/Documents/digitalelprojekt/project_4/project_4.sim/sim_1/behav/xsim/xvhdl.log'
ERROR: [USF-XSim-62] 'compile' step failed with error(s). Please check the Tcl console output or 'C:/Users/240233/Documents/digitalelprojekt/project_4/project_4.sim/sim_1/behav/xsim/xvhdl.log' file for more information.
ERROR: [Vivado 12-4473] Detected error while running simulation. Please correct the issue and retry this operation.
ERROR: [Common 17-39] 'launch_simulation' failed due to earlier errors.
launch_simulation
Command: launch_simulation 
INFO: [Vivado 12-5682] Launching behavioral simulation in 'C:/Users/240233/Documents/digitalelprojekt/project_4/project_4.sim/sim_1/behav/xsim'
INFO: [SIM-utils-51] Simulation object is 'sim_1'
INFO: [SIM-utils-54] Inspecting design source files for 'tb_timer_7seg' in fileset 'sim_1'...
INFO: [USF-XSim-97] Finding global include files...
INFO: [USF-XSim-98] Fetching design files from 'sim_1'...
INFO: [USF-XSim-2] XSim::Compile design
INFO: [USF-XSim-61] Executing 'COMPILE and ANALYZE' step in 'C:/Users/240233/Documents/digitalelprojekt/project_4/project_4.sim/sim_1/behav/xsim'
"xvhdl --incr --relax -prj tb_timer_7seg_vhdl.prj"
INFO: [VRFC 10-163] Analyzing VHDL file "C:/Users/240233/Documents/digitalelprojekt/project_4/project_4.srcs/sources_1/new/7seg_p.vhd" into library xil_defaultlib
INFO: [VRFC 10-3107] analyzing entity 'hex_7seg_p'
INFO: [VRFC 10-163] Analyzing VHDL file "C:/Users/240233/Documents/digitalelprojekt/project_4/project_4.srcs/sources_1/new/timer_7seg.vhd" into library xil_defaultlib
INFO: [VRFC 10-3107] analyzing entity 'timer_7seg'
ERROR: [VRFC 10-2989] 'seg1_p' is not declared [C:/Users/240233/Documents/digitalelprojekt/project_4/project_4.srcs/sources_1/new/timer_7seg.vhd:106]
ERROR: [VRFC 10-3095] actual of formal out port 'seg1_p' cannot be an expression [C:/Users/240233/Documents/digitalelprojekt/project_4/project_4.srcs/sources_1/new/timer_7seg.vhd:106]
ERROR: [VRFC 10-2989] 'seg2_p' is not declared [C:/Users/240233/Documents/digitalelprojekt/project_4/project_4.srcs/sources_1/new/timer_7seg.vhd:107]
ERROR: [VRFC 10-3095] actual of formal out port 'seg2_p' cannot be an expression [C:/Users/240233/Documents/digitalelprojekt/project_4/project_4.srcs/sources_1/new/timer_7seg.vhd:107]
ERROR: [VRFC 10-3782] unit 'behavioral' ignored due to previous errors [C:/Users/240233/Documents/digitalelprojekt/project_4/project_4.srcs/sources_1/new/timer_7seg.vhd:17]
INFO: [VRFC 10-3070] VHDL file 'C:/Users/240233/Documents/digitalelprojekt/project_4/project_4.srcs/sources_1/new/timer_7seg.vhd' ignored due to errors
INFO: [USF-XSim-69] 'compile' step finished in '2' seconds
INFO: [USF-XSim-99] Step results log file:'C:/Users/240233/Documents/digitalelprojekt/project_4/project_4.sim/sim_1/behav/xsim/xvhdl.log'
ERROR: [USF-XSim-62] 'compile' step failed with error(s). Please check the Tcl console output or 'C:/Users/240233/Documents/digitalelprojekt/project_4/project_4.sim/sim_1/behav/xsim/xvhdl.log' file for more information.
ERROR: [Vivado 12-4473] Detected error while running simulation. Please correct the issue and retry this operation.
ERROR: [Common 17-39] 'launch_simulation' failed due to earlier errors.
launch_simulation
Command: launch_simulation 
INFO: [Vivado 12-5682] Launching behavioral simulation in 'C:/Users/240233/Documents/digitalelprojekt/project_4/project_4.sim/sim_1/behav/xsim'
INFO: [SIM-utils-51] Simulation object is 'sim_1'
INFO: [SIM-utils-54] Inspecting design source files for 'tb_timer_7seg' in fileset 'sim_1'...
INFO: [USF-XSim-97] Finding global include files...
INFO: [USF-XSim-98] Fetching design files from 'sim_1'...
INFO: [USF-XSim-2] XSim::Compile design
INFO: [USF-XSim-61] Executing 'COMPILE and ANALYZE' step in 'C:/Users/240233/Documents/digitalelprojekt/project_4/project_4.sim/sim_1/behav/xsim'
"xvhdl --incr --relax -prj tb_timer_7seg_vhdl.prj"
INFO: [VRFC 10-163] Analyzing VHDL file "C:/Users/240233/Documents/digitalelprojekt/project_4/project_4.srcs/sources_1/new/7seg_p.vhd" into library xil_defaultlib
INFO: [VRFC 10-3107] analyzing entity 'hex_7seg_p'
INFO: [VRFC 10-163] Analyzing VHDL file "C:/Users/240233/Documents/digitalelprojekt/project_4/project_4.srcs/sources_1/new/timer_7seg.vhd" into library xil_defaultlib
INFO: [VRFC 10-3107] analyzing entity 'timer_7seg'
ERROR: [VRFC 10-2989] 'seg1_p' is not declared [C:/Users/240233/Documents/digitalelprojekt/project_4/project_4.srcs/sources_1/new/timer_7seg.vhd:106]
ERROR: [VRFC 10-3095] actual of formal out port 'seg1_p' cannot be an expression [C:/Users/240233/Documents/digitalelprojekt/project_4/project_4.srcs/sources_1/new/timer_7seg.vhd:106]
ERROR: [VRFC 10-2989] 'seg2_p' is not declared [C:/Users/240233/Documents/digitalelprojekt/project_4/project_4.srcs/sources_1/new/timer_7seg.vhd:107]
ERROR: [VRFC 10-3095] actual of formal out port 'seg2_p' cannot be an expression [C:/Users/240233/Documents/digitalelprojekt/project_4/project_4.srcs/sources_1/new/timer_7seg.vhd:107]
ERROR: [VRFC 10-3782] unit 'behavioral' ignored due to previous errors [C:/Users/240233/Documents/digitalelprojekt/project_4/project_4.srcs/sources_1/new/timer_7seg.vhd:17]
INFO: [VRFC 10-3070] VHDL file 'C:/Users/240233/Documents/digitalelprojekt/project_4/project_4.srcs/sources_1/new/timer_7seg.vhd' ignored due to errors
INFO: [USF-XSim-69] 'compile' step finished in '1' seconds
INFO: [USF-XSim-99] Step results log file:'C:/Users/240233/Documents/digitalelprojekt/project_4/project_4.sim/sim_1/behav/xsim/xvhdl.log'
ERROR: [USF-XSim-62] 'compile' step failed with error(s). Please check the Tcl console output or 'C:/Users/240233/Documents/digitalelprojekt/project_4/project_4.sim/sim_1/behav/xsim/xvhdl.log' file for more information.
ERROR: [Vivado 12-4473] Detected error while running simulation. Please correct the issue and retry this operation.
ERROR: [Common 17-39] 'launch_simulation' failed due to earlier errors.
launch_simulation
Command: launch_simulation 
INFO: [Vivado 12-5682] Launching behavioral simulation in 'C:/Users/240233/Documents/digitalelprojekt/project_4/project_4.sim/sim_1/behav/xsim'
INFO: [SIM-utils-51] Simulation object is 'sim_1'
INFO: [SIM-utils-54] Inspecting design source files for 'tb_timer_7seg' in fileset 'sim_1'...
INFO: [USF-XSim-97] Finding global include files...
INFO: [USF-XSim-98] Fetching design files from 'sim_1'...
INFO: [USF-XSim-2] XSim::Compile design
INFO: [USF-XSim-61] Executing 'COMPILE and ANALYZE' step in 'C:/Users/240233/Documents/digitalelprojekt/project_4/project_4.sim/sim_1/behav/xsim'
"xvhdl --incr --relax -prj tb_timer_7seg_vhdl.prj"
INFO: [VRFC 10-163] Analyzing VHDL file "C:/Users/240233/Documents/digitalelprojekt/project_4/project_4.srcs/sources_1/new/7seg_p.vhd" into library xil_defaultlib
INFO: [VRFC 10-3107] analyzing entity 'hex_7seg_p'
INFO: [VRFC 10-163] Analyzing VHDL file "C:/Users/240233/Documents/digitalelprojekt/project_4/project_4.srcs/sources_1/new/timer_7seg.vhd" into library xil_defaultlib
INFO: [VRFC 10-3107] analyzing entity 'timer_7seg'
INFO: [USF-XSim-69] 'compile' step finished in '1' seconds
INFO: [USF-XSim-3] XSim::Elaborate design
INFO: [USF-XSim-61] Executing 'ELABORATE' step in 'C:/Users/240233/Documents/digitalelprojekt/project_4/project_4.sim/sim_1/behav/xsim'
"xelab -wto eb7cbba38b5b4341b8602c9ab87bc0f7 --incr --debug typical --relax --mt 2 -L xil_defaultlib -L secureip --snapshot tb_timer_7seg_behav xil_defaultlib.tb_timer_7seg -log elaborate.log"
Vivado Simulator 2020.2
Copyright 1986-1999, 2001-2020 Xilinx, Inc. All Rights Reserved.
Running: C:/appz/Xilinx/Vivado/2020.2/bin/unwrapped/win64.o/xelab.exe -wto eb7cbba38b5b4341b8602c9ab87bc0f7 --incr --debug typical --relax --mt 2 -L xil_defaultlib -L secureip --snapshot tb_timer_7seg_behav xil_defaultlib.tb_timer_7seg -log elaborate.log 
Using 2 slave threads.
Starting static elaboration
Completed static elaboration
Starting simulation data flow analysis
Completed simulation data flow analysis
Time Resolution for simulation is 1ps
Compiling package std.standard
Compiling package std.textio
Compiling package ieee.std_logic_1164
Compiling package ieee.numeric_std
Compiling architecture behavioral of entity xil_defaultlib.timer [timer_default]
Compiling architecture behavioral of entity xil_defaultlib.hex_7seg [hex_7seg_default]
Compiling architecture behavioral of entity xil_defaultlib.hex_7seg_k [hex_7seg_k_default]
Compiling architecture behavioral of entity xil_defaultlib.hex_7seg_p [hex_7seg_p_default]
Compiling architecture behavioral of entity xil_defaultlib.timer_7seg [timer_7seg_default]
Compiling architecture behavioral of entity xil_defaultlib.tb_timer_7seg
Built simulation snapshot tb_timer_7seg_behav
INFO: [USF-XSim-69] 'elaborate' step finished in '2' seconds
INFO: [USF-XSim-4] XSim::Simulate design
INFO: [USF-XSim-61] Executing 'SIMULATE' step in 'C:/Users/240233/Documents/digitalelprojekt/project_4/project_4.sim/sim_1/behav/xsim'
INFO: [USF-XSim-98] *** Running xsim
   with args "tb_timer_7seg_behav -key {Behavioral:sim_1:Functional:tb_timer_7seg} -tclbatch {tb_timer_7seg.tcl} -log {simulate.log}"
INFO: [USF-XSim-8] Loading simulator feature
Vivado Simulator 2020.2
Time resolution is 1 ps
source tb_timer_7seg.tcl
# set curr_wave [current_wave_config]
# if { [string length $curr_wave] == 0 } {
#   if { [llength [get_objects]] > 0} {
#     add_wave /
#     set_property needs_save false [current_wave_config]
#   } else {
#      send_msg_id Add_Wave-1 WARNING "No top level signals found. Simulator will start without a wave window. If you want to open a wave window go to 'File->New Waveform Configuration' or type 'create_wave_config' in the TCL console."
#   }
# }
# run 1000ns
INFO: [USF-XSim-96] XSim completed. Design snapshot 'tb_timer_7seg_behav' loaded.
INFO: [USF-XSim-97] XSim simulation ran for 1000ns
launch_simulation: Time (s): cpu = 00:00:02 ; elapsed = 00:00:06 . Memory (MB): peak = 1480.566 ; gain = 0.000
current_wave_config {Untitled 6}
Untitled 6
add_wave {{/tb_timer_7seg/inst_timer_7seg/inst_hex_7seg_k/hex}} 
current_wave_config {Untitled 6}
Untitled 6
add_wave {{/tb_timer_7seg/inst_timer_7seg/inst_hex_7seg_k/seg}} 
current_wave_config {Untitled 6}
Untitled 6
add_wave {{/tb_timer_7seg/inst_timer_7seg/inst_hex_7seg_p/hex}} 
current_wave_config {Untitled 6}
Untitled 6
add_wave {{/tb_timer_7seg/inst_timer_7seg/inst_hex_7seg_p/seg1_p}} 
current_wave_config {Untitled 6}
Untitled 6
add_wave {{/tb_timer_7seg/inst_timer_7seg/inst_hex_7seg_p/seg2_p}} 
relaunch_sim
Command: launch_simulation -simset sim_1 -mode behavioral
INFO: [Vivado 12-5682] Launching behavioral simulation in 'C:/Users/240233/Documents/digitalelprojekt/project_4/project_4.sim/sim_1/behav/xsim'
INFO: [SIM-utils-51] Simulation object is 'sim_1'
INFO: [SIM-utils-54] Inspecting design source files for 'tb_timer_7seg' in fileset 'sim_1'...
INFO: [USF-XSim-97] Finding global include files...
INFO: [USF-XSim-98] Fetching design files from 'sim_1'...
INFO: [USF-XSim-2] XSim::Compile design
INFO: [USF-XSim-61] Executing 'COMPILE and ANALYZE' step in 'C:/Users/240233/Documents/digitalelprojekt/project_4/project_4.sim/sim_1/behav/xsim'
"xvhdl --incr --relax -prj tb_timer_7seg_vhdl.prj"
INFO: [USF-XSim-69] 'compile' step finished in '1' seconds
Command: launch_simulation -simset sim_1 -mode behavioral
INFO: [Vivado 12-5682] Launching behavioral simulation in 'C:/Users/240233/Documents/digitalelprojekt/project_4/project_4.sim/sim_1/behav/xsim'
INFO: [USF-XSim-3] XSim::Elaborate design
INFO: [USF-XSim-61] Executing 'ELABORATE' step in 'C:/Users/240233/Documents/digitalelprojekt/project_4/project_4.sim/sim_1/behav/xsim'
"xelab -wto eb7cbba38b5b4341b8602c9ab87bc0f7 --incr --debug typical --relax --mt 2 -L xil_defaultlib -L secureip --snapshot tb_timer_7seg_behav xil_defaultlib.tb_timer_7seg -log elaborate.log"
Vivado Simulator 2020.2
Copyright 1986-1999, 2001-2020 Xilinx, Inc. All Rights Reserved.
Running: C:/appz/Xilinx/Vivado/2020.2/bin/unwrapped/win64.o/xelab.exe -wto eb7cbba38b5b4341b8602c9ab87bc0f7 --incr --debug typical --relax --mt 2 -L xil_defaultlib -L secureip --snapshot tb_timer_7seg_behav xil_defaultlib.tb_timer_7seg -log elaborate.log 
Using 2 slave threads.
Starting static elaboration
Completed static elaboration
INFO: [XSIM 43-4323] No Change in HDL. Linking previously generated obj files to create kernel
INFO: [USF-XSim-69] 'elaborate' step finished in '1' seconds
Vivado Simulator 2020.2
Time resolution is 1 ps
relaunch_sim: Time (s): cpu = 00:00:01 ; elapsed = 00:00:05 . Memory (MB): peak = 1480.566 ; gain = 0.000
current_wave_config {Untitled 6}
Untitled 6
add_wave {{/tb_timer_7seg/inst_timer_7seg/inst_hex_7seg/hex}} 
relaunch_sim
Command: launch_simulation -simset sim_1 -mode behavioral
INFO: [Vivado 12-5682] Launching behavioral simulation in 'C:/Users/240233/Documents/digitalelprojekt/project_4/project_4.sim/sim_1/behav/xsim'
INFO: [SIM-utils-51] Simulation object is 'sim_1'
INFO: [SIM-utils-54] Inspecting design source files for 'tb_timer_7seg' in fileset 'sim_1'...
INFO: [USF-XSim-97] Finding global include files...
INFO: [USF-XSim-98] Fetching design files from 'sim_1'...
INFO: [USF-XSim-2] XSim::Compile design
INFO: [USF-XSim-61] Executing 'COMPILE and ANALYZE' step in 'C:/Users/240233/Documents/digitalelprojekt/project_4/project_4.sim/sim_1/behav/xsim'
"xvhdl --incr --relax -prj tb_timer_7seg_vhdl.prj"
INFO: [USF-XSim-69] 'compile' step finished in '1' seconds
Command: launch_simulation -simset sim_1 -mode behavioral
INFO: [Vivado 12-5682] Launching behavioral simulation in 'C:/Users/240233/Documents/digitalelprojekt/project_4/project_4.sim/sim_1/behav/xsim'
INFO: [USF-XSim-3] XSim::Elaborate design
INFO: [USF-XSim-61] Executing 'ELABORATE' step in 'C:/Users/240233/Documents/digitalelprojekt/project_4/project_4.sim/sim_1/behav/xsim'
"xelab -wto eb7cbba38b5b4341b8602c9ab87bc0f7 --incr --debug typical --relax --mt 2 -L xil_defaultlib -L secureip --snapshot tb_timer_7seg_behav xil_defaultlib.tb_timer_7seg -log elaborate.log"
Vivado Simulator 2020.2
Copyright 1986-1999, 2001-2020 Xilinx, Inc. All Rights Reserved.
Running: C:/appz/Xilinx/Vivado/2020.2/bin/unwrapped/win64.o/xelab.exe -wto eb7cbba38b5b4341b8602c9ab87bc0f7 --incr --debug typical --relax --mt 2 -L xil_defaultlib -L secureip --snapshot tb_timer_7seg_behav xil_defaultlib.tb_timer_7seg -log elaborate.log 
Using 2 slave threads.
Starting static elaboration
Completed static elaboration
INFO: [XSIM 43-4323] No Change in HDL. Linking previously generated obj files to create kernel
INFO: [USF-XSim-69] 'elaborate' step finished in '1' seconds
Vivado Simulator 2020.2
Time resolution is 1 ps
relaunch_sim: Time (s): cpu = 00:00:00 ; elapsed = 00:00:05 . Memory (MB): peak = 1480.566 ; gain = 0.000
add_files -fileset constrs_1 -norecurse {{C:/Users/240233/Documents/digitalelprojekt/older versions/display_driver/display_driver.srcs/constrs_1/new/nexys-a7-50t.xdc}}
import_files -fileset constrs_1 {{C:/Users/240233/Documents/digitalelprojekt/older versions/display_driver/display_driver.srcs/constrs_1/new/nexys-a7-50t.xdc}}
close_sim
INFO: [Simtcl 6-16] Simulation closed
exit
INFO: [Common 17-206] Exiting Vivado at Thu Apr 20 12:37:21 2023...
