#-----------------------------------------------------------
# Vivado v2020.2 (64-bit)
# SW Build 3064766 on Wed Nov 18 09:12:45 MST 2020
# IP Build 3064653 on Wed Nov 18 14:17:31 MST 2020
# Start of session at: Thu Apr 27 11:05:47 2023
# Process ID: 8184
# Current directory: C:/Users/240856/Documents/digitalelprojekt/digitalelprojekt/project_4
# Command line: vivado.exe -gui_launcher_event rodinguilauncherevent1876 C:\Users\240856\Documents\digitalelprojekt\digitalelprojekt\project_4\project_4.xpr
# Log file: C:/Users/240856/Documents/digitalelprojekt/digitalelprojekt/project_4/vivado.log
# Journal file: C:/Users/240856/Documents/digitalelprojekt/digitalelprojekt/project_4\vivado.jou
#-----------------------------------------------------------
start_gui
open_project C:/Users/240856/Documents/digitalelprojekt/digitalelprojekt/project_4/project_4.xpr
INFO: [Project 1-313] Project file moved from 'C:/Users/ChristianKu/Desktop/de1/digitalelprojekt/project_4' since last save.
WARNING: [filemgmt 56-2] Default IP Output Path : Could not find the directory 'C:/Users/240856/Documents/digitalelprojekt/digitalelprojekt/project_4/project_4.gen/sources_1', nor could it be found using path 'C:/Users/ChristianKu/Desktop/de1/digitalelprojekt/project_4/project_4.gen/sources_1'.
CRITICAL WARNING: [Project 1-311] Could not find the file 'C:/Users/240856/Documents/digitalelprojekt/digitalelprojekt/project_4/project_4.srcs/sim_1/new/7seg_k.vhd', nor could it be found using path 'C:/Users/ChristianKu/Desktop/de1/digitalelprojekt/project_4/project_4.srcs/sim_1/new/7seg_k.vhd'.
Scanning sources...
Finished scanning sources
INFO: [IP_Flow 19-234] Refreshing IP repositories
INFO: [IP_Flow 19-1704] No user IP repositories specified
INFO: [IP_Flow 19-2313] Loaded Vivado IP repository 'C:/appz/Xilinx/Vivado/2020.2/data/ip'.
update_compile_order -fileset sources_1
launch_runs impl_1 -to_step write_bitstream
[Thu Apr 27 11:06:55 2023] Launched synth_1...
Run output will be captured here: C:/Users/240856/Documents/digitalelprojekt/digitalelprojekt/project_4/project_4.runs/synth_1/runme.log
[Thu Apr 27 11:06:55 2023] Launched impl_1...
Run output will be captured here: C:/Users/240856/Documents/digitalelprojekt/digitalelprojekt/project_4/project_4.runs/impl_1/runme.log
reset_run synth_1
launch_runs impl_1 -to_step write_bitstream
[Thu Apr 27 11:11:32 2023] Launched synth_1...
Run output will be captured here: C:/Users/240856/Documents/digitalelprojekt/digitalelprojekt/project_4/project_4.runs/synth_1/runme.log
[Thu Apr 27 11:11:32 2023] Launched impl_1...
Run output will be captured here: C:/Users/240856/Documents/digitalelprojekt/digitalelprojekt/project_4/project_4.runs/impl_1/runme.log
reset_run impl_1 -prev_step 
launch_runs impl_1 -to_step write_bitstream
[Thu Apr 27 11:15:20 2023] Launched impl_1...
Run output will be captured here: C:/Users/240856/Documents/digitalelprojekt/digitalelprojekt/project_4/project_4.runs/impl_1/runme.log
reset_run synth_1
launch_runs impl_1
[Thu Apr 27 11:24:11 2023] Launched synth_1...
Run output will be captured here: C:/Users/240856/Documents/digitalelprojekt/digitalelprojekt/project_4/project_4.runs/synth_1/runme.log
[Thu Apr 27 11:24:11 2023] Launched impl_1...
Run output will be captured here: C:/Users/240856/Documents/digitalelprojekt/digitalelprojekt/project_4/project_4.runs/impl_1/runme.log
reset_run synth_1
launch_runs impl_1 -to_step write_bitstream
[Thu Apr 27 11:25:15 2023] Launched synth_1...
Run output will be captured here: C:/Users/240856/Documents/digitalelprojekt/digitalelprojekt/project_4/project_4.runs/synth_1/runme.log
[Thu Apr 27 11:25:15 2023] Launched impl_1...
Run output will be captured here: C:/Users/240856/Documents/digitalelprojekt/digitalelprojekt/project_4/project_4.runs/impl_1/runme.log
reset_run synth_1
launch_runs impl_1 -to_step write_bitstream -jobs 4
[Thu Apr 27 11:28:22 2023] Launched synth_1...
Run output will be captured here: C:/Users/240856/Documents/digitalelprojekt/digitalelprojekt/project_4/project_4.runs/synth_1/runme.log
[Thu Apr 27 11:28:22 2023] Launched impl_1...
Run output will be captured here: C:/Users/240856/Documents/digitalelprojekt/digitalelprojekt/project_4/project_4.runs/impl_1/runme.log
open_run impl_1
INFO: [Device 21-403] Loading part xc7a50ticsg324-1L
Netlist sorting complete. Time (s): cpu = 00:00:00 ; elapsed = 00:00:00.002 . Memory (MB): peak = 1040.922 ; gain = 0.000
INFO: [Netlist 29-17] Analyzing 10 Unisim elements for replacement
INFO: [Netlist 29-28] Unisim Transformation completed in 1 CPU seconds
INFO: [Project 1-479] Netlist was created with Vivado 2020.2
INFO: [Project 1-570] Preparing netlist for logic optimization
INFO: [Timing 38-478] Restoring timing data from binary archive.
INFO: [Timing 38-479] Binary timing data restore complete.
INFO: [Project 1-856] Restoring constraints from binary archive.
INFO: [Project 1-853] Binary constraint restore complete.
Reading XDEF placement.
Reading placer database...
Reading XDEF routing.
Read XDEF File: Time (s): cpu = 00:00:00 ; elapsed = 00:00:00.041 . Memory (MB): peak = 1698.520 ; gain = 0.000
Restored from archive | CPU: 0.000000 secs | Memory: 0.000000 MB |
Finished XDEF File Restore: Time (s): cpu = 00:00:00 ; elapsed = 00:00:00.042 . Memory (MB): peak = 1698.520 ; gain = 0.000
Netlist sorting complete. Time (s): cpu = 00:00:00 ; elapsed = 00:00:00 . Memory (MB): peak = 1698.520 ; gain = 0.000
INFO: [Project 1-111] Unisim Transformation Summary:
No Unisim elements were transformed.

open_run: Time (s): cpu = 00:00:22 ; elapsed = 00:00:17 . Memory (MB): peak = 1816.391 ; gain = 817.574
WARNING: [Timing 38-313] There are no user specified timing constraints. Timing constraints are needed for proper timing analysis.
close_design
synth_design -rtl -rtl_skip_mlo -name rtl_1
Command: synth_design -rtl -rtl_skip_mlo -name rtl_1
Starting synth_design
Using part: xc7a50ticsg324-1L
Top: top
---------------------------------------------------------------------------------
Starting RTL Elaboration : Time (s): cpu = 00:00:04 ; elapsed = 00:00:04 . Memory (MB): peak = 1890.457 ; gain = 0.000
---------------------------------------------------------------------------------
INFO: [Synth 8-638] synthesizing module 'top' [C:/Users/240856/Documents/digitalelprojekt/digitalelprojekt/project_4/project_4.srcs/sources_1/new/top.vhd:24]
INFO: [Synth 8-638] synthesizing module 'timer_7seg' [C:/Users/240856/Documents/digitalelprojekt/digitalelprojekt/project_4/project_4.srcs/sources_1/new/timer_7seg.vhd:19]
	Parameter g_CNT_WIDTH bound to: 9 - type: integer 
	Parameter g_NUM_CYCLES bound to: 3 - type: integer 
	Parameter g_CNT1_INIT bound to: 20 - type: integer 
	Parameter g_CNT2_INIT bound to: 10 - type: integer 
INFO: [Synth 8-3491] module 'timer' declared at 'C:/Users/240856/Documents/digitalelprojekt/digitalelprojekt/project_4/project_4.srcs/sources_1/new/timer.vhd:5' bound to instance 'inst_timer' of component 'timer' [C:/Users/240856/Documents/digitalelprojekt/digitalelprojekt/project_4/project_4.srcs/sources_1/new/timer_7seg.vhd:74]
INFO: [Synth 8-638] synthesizing module 'timer' [C:/Users/240856/Documents/digitalelprojekt/digitalelprojekt/project_4/project_4.srcs/sources_1/new/timer.vhd:22]
	Parameter g_CNT_WIDTH bound to: 9 - type: integer 
	Parameter g_NUM_CYCLES bound to: 3 - type: integer 
	Parameter g_CNT1_INIT bound to: 20 - type: integer 
	Parameter g_CNT2_INIT bound to: 10 - type: integer 
INFO: [Synth 8-256] done synthesizing module 'timer' (1#1) [C:/Users/240856/Documents/digitalelprojekt/digitalelprojekt/project_4/project_4.srcs/sources_1/new/timer.vhd:22]
INFO: [Synth 8-3491] module 'hex_7seg' declared at 'C:/Users/240856/Documents/digitalelprojekt/digitalelprojekt/project_4/project_4.srcs/sources_1/new/hex_7seg.vhd:5' bound to instance 'inst_hex_7seg' of component 'hex_7seg' [C:/Users/240856/Documents/digitalelprojekt/digitalelprojekt/project_4/project_4.srcs/sources_1/new/timer_7seg.vhd:88]
INFO: [Synth 8-638] synthesizing module 'hex_7seg' [C:/Users/240856/Documents/digitalelprojekt/digitalelprojekt/project_4/project_4.srcs/sources_1/new/hex_7seg.vhd:15]
INFO: [Synth 8-256] done synthesizing module 'hex_7seg' (2#1) [C:/Users/240856/Documents/digitalelprojekt/digitalelprojekt/project_4/project_4.srcs/sources_1/new/hex_7seg.vhd:15]
INFO: [Synth 8-3491] module 'hex_7seg_k' declared at 'C:/Users/240856/Documents/digitalelprojekt/digitalelprojekt/project_4/project_4.srcs/sources_1/new/7seg_k.vhd:8' bound to instance 'inst_hex_7seg_k' of component 'hex_7seg_k' [C:/Users/240856/Documents/digitalelprojekt/digitalelprojekt/project_4/project_4.srcs/sources_1/new/timer_7seg.vhd:97]
INFO: [Synth 8-638] synthesizing module 'hex_7seg_k' [C:/Users/240856/Documents/digitalelprojekt/digitalelprojekt/project_4/project_4.srcs/sources_1/new/7seg_k.vhd:20]
INFO: [Synth 8-226] default block is never used [C:/Users/240856/Documents/digitalelprojekt/digitalelprojekt/project_4/project_4.srcs/sources_1/new/7seg_k.vhd:32]
INFO: [Synth 8-256] done synthesizing module 'hex_7seg_k' (3#1) [C:/Users/240856/Documents/digitalelprojekt/digitalelprojekt/project_4/project_4.srcs/sources_1/new/7seg_k.vhd:20]
INFO: [Synth 8-3491] module 'hex_7seg_p' declared at 'C:/Users/240856/Documents/digitalelprojekt/digitalelprojekt/project_4/project_4.srcs/sources_1/new/7seg_p.vhd:5' bound to instance 'inst_hex_7seg_p' of component 'hex_7seg_p' [C:/Users/240856/Documents/digitalelprojekt/digitalelprojekt/project_4/project_4.srcs/sources_1/new/timer_7seg.vhd:104]
INFO: [Synth 8-638] synthesizing module 'hex_7seg_p' [C:/Users/240856/Documents/digitalelprojekt/digitalelprojekt/project_4/project_4.srcs/sources_1/new/7seg_p.vhd:14]
INFO: [Synth 8-256] done synthesizing module 'hex_7seg_p' (4#1) [C:/Users/240856/Documents/digitalelprojekt/digitalelprojekt/project_4/project_4.srcs/sources_1/new/7seg_p.vhd:14]
INFO: [Synth 8-256] done synthesizing module 'timer_7seg' (5#1) [C:/Users/240856/Documents/digitalelprojekt/digitalelprojekt/project_4/project_4.srcs/sources_1/new/timer_7seg.vhd:19]
INFO: [Synth 8-256] done synthesizing module 'top' (6#1) [C:/Users/240856/Documents/digitalelprojekt/digitalelprojekt/project_4/project_4.srcs/sources_1/new/top.vhd:24]
---------------------------------------------------------------------------------
Finished RTL Elaboration : Time (s): cpu = 00:00:05 ; elapsed = 00:00:05 . Memory (MB): peak = 1918.258 ; gain = 27.801
---------------------------------------------------------------------------------
---------------------------------------------------------------------------------
Start Handling Custom Attributes
---------------------------------------------------------------------------------
---------------------------------------------------------------------------------
Finished Handling Custom Attributes : Time (s): cpu = 00:00:05 ; elapsed = 00:00:05 . Memory (MB): peak = 1936.168 ; gain = 45.711
---------------------------------------------------------------------------------
---------------------------------------------------------------------------------
Finished RTL Optimization Phase 1 : Time (s): cpu = 00:00:05 ; elapsed = 00:00:05 . Memory (MB): peak = 1936.168 ; gain = 45.711
---------------------------------------------------------------------------------
Netlist sorting complete. Time (s): cpu = 00:00:00 ; elapsed = 00:00:00.002 . Memory (MB): peak = 1936.168 ; gain = 0.000
INFO: [Project 1-570] Preparing netlist for logic optimization

Processing XDC Constraints
Initializing timing engine
Parsing XDC File [C:/Users/240856/Documents/digitalelprojekt/digitalelprojekt/project_4/project_4.srcs/constrs_1/imports/new/nexys-a7-50t.xdc]
Finished Parsing XDC File [C:/Users/240856/Documents/digitalelprojekt/digitalelprojekt/project_4/project_4.srcs/constrs_1/imports/new/nexys-a7-50t.xdc]
Completed Processing XDC Constraints

Netlist sorting complete. Time (s): cpu = 00:00:00 ; elapsed = 00:00:00 . Memory (MB): peak = 2050.523 ; gain = 0.000
INFO: [Project 1-111] Unisim Transformation Summary:
No Unisim elements were transformed.

RTL Elaboration Complete:  : Time (s): cpu = 00:00:10 ; elapsed = 00:00:08 . Memory (MB): peak = 2077.664 ; gain = 187.207
19 Infos, 0 Warnings, 0 Critical Warnings and 0 Errors encountered.
synth_design completed successfully
synth_design: Time (s): cpu = 00:00:10 ; elapsed = 00:00:08 . Memory (MB): peak = 2077.664 ; gain = 187.207
reset_run synth_1
launch_runs impl_1 -to_step write_bitstream -jobs 4
[Thu Apr 27 11:38:46 2023] Launched synth_1...
Run output will be captured here: C:/Users/240856/Documents/digitalelprojekt/digitalelprojekt/project_4/project_4.runs/synth_1/runme.log
[Thu Apr 27 11:38:46 2023] Launched impl_1...
Run output will be captured here: C:/Users/240856/Documents/digitalelprojekt/digitalelprojekt/project_4/project_4.runs/impl_1/runme.log
launch_simulation
Command: launch_simulation 
INFO: [Vivado 12-5682] Launching behavioral simulation in 'C:/Users/240856/Documents/digitalelprojekt/digitalelprojekt/project_4/project_4.sim/sim_1/behav/xsim'
INFO: [SIM-utils-51] Simulation object is 'sim_1'
INFO: [SIM-utils-54] Inspecting design source files for 'tb_timer_7seg' in fileset 'sim_1'...
INFO: [USF-XSim-97] Finding global include files...
INFO: [USF-XSim-98] Fetching design files from 'sim_1'...
INFO: [USF-XSim-2] XSim::Compile design
INFO: [USF-XSim-61] Executing 'COMPILE and ANALYZE' step in 'C:/Users/240856/Documents/digitalelprojekt/digitalelprojekt/project_4/project_4.sim/sim_1/behav/xsim'
"xvhdl --incr --relax -prj tb_timer_7seg_vhdl.prj"
INFO: [VRFC 10-163] Analyzing VHDL file "C:/Users/240856/Documents/digitalelprojekt/digitalelprojekt/project_4/project_4.srcs/sources_1/new/7seg_k.vhd" into library xil_defaultlib
INFO: [VRFC 10-3107] analyzing entity 'hex_7seg_k'
INFO: [VRFC 10-163] Analyzing VHDL file "C:/Users/240856/Documents/digitalelprojekt/digitalelprojekt/project_4/project_4.srcs/sources_1/new/7seg_p.vhd" into library xil_defaultlib
INFO: [VRFC 10-3107] analyzing entity 'hex_7seg_p'
INFO: [VRFC 10-163] Analyzing VHDL file "C:/Users/240856/Documents/digitalelprojekt/digitalelprojekt/project_4/project_4.srcs/sources_1/new/hex_7seg.vhd" into library xil_defaultlib
INFO: [VRFC 10-3107] analyzing entity 'hex_7seg'
INFO: [VRFC 10-163] Analyzing VHDL file "C:/Users/240856/Documents/digitalelprojekt/digitalelprojekt/project_4/project_4.srcs/sources_1/new/timer.vhd" into library xil_defaultlib
INFO: [VRFC 10-3107] analyzing entity 'timer'
INFO: [VRFC 10-163] Analyzing VHDL file "C:/Users/240856/Documents/digitalelprojekt/digitalelprojekt/project_4/project_4.srcs/sources_1/new/timer_7seg.vhd" into library xil_defaultlib
INFO: [VRFC 10-3107] analyzing entity 'timer_7seg'
INFO: [VRFC 10-163] Analyzing VHDL file "C:/Users/240856/Documents/digitalelprojekt/digitalelprojekt/project_4/project_4.srcs/sources_1/new/tb_timer_7seg.vhd" into library xil_defaultlib
INFO: [VRFC 10-3107] analyzing entity 'tb_timer_7seg'
INFO: [USF-XSim-69] 'compile' step finished in '2' seconds
INFO: [USF-XSim-3] XSim::Elaborate design
INFO: [USF-XSim-61] Executing 'ELABORATE' step in 'C:/Users/240856/Documents/digitalelprojekt/digitalelprojekt/project_4/project_4.sim/sim_1/behav/xsim'
"xelab -wto eb7cbba38b5b4341b8602c9ab87bc0f7 --incr --debug typical --relax --mt 2 -L xil_defaultlib -L secureip --snapshot tb_timer_7seg_behav xil_defaultlib.tb_timer_7seg -log elaborate.log"
Vivado Simulator 2020.2
Copyright 1986-1999, 2001-2020 Xilinx, Inc. All Rights Reserved.
Running: C:/appz/Xilinx/Vivado/2020.2/bin/unwrapped/win64.o/xelab.exe -wto eb7cbba38b5b4341b8602c9ab87bc0f7 --incr --debug typical --relax --mt 2 -L xil_defaultlib -L secureip --snapshot tb_timer_7seg_behav xil_defaultlib.tb_timer_7seg -log elaborate.log 
Using 2 slave threads.
Starting static elaboration
Completed static elaboration
Starting simulation data flow analysis
Completed simulation data flow analysis
Time Resolution for simulation is 1ps
Compiling package std.standard
Compiling package std.textio
Compiling package ieee.std_logic_1164
Compiling package ieee.numeric_std
Compiling architecture behavioral of entity xil_defaultlib.timer [timer_default]
Compiling architecture behavioral of entity xil_defaultlib.hex_7seg [hex_7seg_default]
Compiling architecture behavioral of entity xil_defaultlib.hex_7seg_k [hex_7seg_k_default]
Compiling architecture behavioral of entity xil_defaultlib.hex_7seg_p [hex_7seg_p_default]
Compiling architecture behavioral of entity xil_defaultlib.timer_7seg [timer_7seg_default]
Compiling architecture behavioral of entity xil_defaultlib.tb_timer_7seg
Built simulation snapshot tb_timer_7seg_behav

****** Webtalk v2020.2 (64-bit)
  **** SW Build 3064766 on Wed Nov 18 09:12:45 MST 2020
  **** IP Build 3064653 on Wed Nov 18 14:17:31 MST 2020
    ** Copyright 1986-2020 Xilinx, Inc. All Rights Reserved.

source C:/Users/240856/Documents/digitalelprojekt/digitalelprojekt/project_4/project_4.sim/sim_1/behav/xsim/xsim.dir/tb_timer_7seg_behav/webtalk/xsim_webtalk.tcl -notrace
INFO: [Common 17-186] 'C:/Users/240856/Documents/digitalelprojekt/digitalelprojekt/project_4/project_4.sim/sim_1/behav/xsim/xsim.dir/tb_timer_7seg_behav/webtalk/usage_statistics_ext_xsim.xml' has been successfully sent to Xilinx on Thu Apr 27 11:46:25 2023. For additional details about this file, please refer to the WebTalk help file at C:/appz/Xilinx/Vivado/2020.2/doc/webtalk_introduction.html.
INFO: [Common 17-206] Exiting Webtalk at Thu Apr 27 11:46:25 2023...
run_program: Time (s): cpu = 00:00:00 ; elapsed = 00:00:06 . Memory (MB): peak = 2106.129 ; gain = 0.000
INFO: [USF-XSim-69] 'elaborate' step finished in '5' seconds
INFO: [USF-XSim-4] XSim::Simulate design
INFO: [USF-XSim-61] Executing 'SIMULATE' step in 'C:/Users/240856/Documents/digitalelprojekt/digitalelprojekt/project_4/project_4.sim/sim_1/behav/xsim'
INFO: [USF-XSim-98] *** Running xsim
   with args "tb_timer_7seg_behav -key {Behavioral:sim_1:Functional:tb_timer_7seg} -tclbatch {tb_timer_7seg.tcl} -log {simulate.log}"
INFO: [USF-XSim-8] Loading simulator feature
Vivado Simulator 2020.2
Time resolution is 1 ps
source tb_timer_7seg.tcl
# set curr_wave [current_wave_config]
# if { [string length $curr_wave] == 0 } {
#   if { [llength [get_objects]] > 0} {
#     add_wave /
#     set_property needs_save false [current_wave_config]
#   } else {
#      send_msg_id Add_Wave-1 WARNING "No top level signals found. Simulator will start without a wave window. If you want to open a wave window go to 'File->New Waveform Configuration' or type 'create_wave_config' in the TCL console."
#   }
# }
# run 1000ns
INFO: [USF-XSim-96] XSim completed. Design snapshot 'tb_timer_7seg_behav' loaded.
INFO: [USF-XSim-97] XSim simulation ran for 1000ns
launch_simulation: Time (s): cpu = 00:00:06 ; elapsed = 00:00:12 . Memory (MB): peak = 2139.590 ; gain = 33.461
current_wave_config {Untitled 1}
Untitled 1
add_wave {{/tb_timer_7seg/inst_timer_7seg/seg1}} 
current_wave_config {Untitled 1}
Untitled 1
add_wave {{/tb_timer_7seg/inst_timer_7seg/seg2}} 
reset_run synth_1
WARNING: [Vivado 12-1017] Problems encountered:
1. Failed to delete one or more files in run directory C:/Users/240856/Documents/digitalelprojekt/digitalelprojekt/project_4/project_4.runs/synth_1

launch_runs impl_1 -to_step write_bitstream -jobs 4
[Thu Apr 27 11:54:20 2023] Launched synth_1...
Run output will be captured here: C:/Users/240856/Documents/digitalelprojekt/digitalelprojekt/project_4/project_4.runs/synth_1/runme.log
[Thu Apr 27 11:54:20 2023] Launched impl_1...
Run output will be captured here: C:/Users/240856/Documents/digitalelprojekt/digitalelprojekt/project_4/project_4.runs/impl_1/runme.log
open_hw_manager
connect_hw_server -allow_non_jtag
INFO: [Labtools 27-2285] Connecting to hw_server url TCP:localhost:3121
INFO: [Labtools 27-2222] Launching hw_server...
INFO: [Labtools 27-2221] Launch Output:

****** Xilinx hw_server v2020.2
  **** Build date : Nov 18 2020 at 10:01:48
    ** Copyright 1986-2020 Xilinx, Inc. All Rights Reserved.


INFO: [Labtools 27-3415] Connecting to cs_server url TCP:localhost:3042
INFO: [Labtools 27-3417] Launching cs_server...
INFO: [Labtools 27-2221] Launch Output:


******** Xilinx cs_server v2020.2
  ****** Build date   : Nov 03 2020-22:02:56
    **** Build number : 2020.2.1604437376
      ** Copyright 2017-2020 Xilinx, Inc. All Rights Reserved.



connect_hw_server: Time (s): cpu = 00:00:00 ; elapsed = 00:00:08 . Memory (MB): peak = 2509.484 ; gain = 0.000
open_hw_target
INFO: [Labtoolstcl 44-466] Opening hw_target localhost:3121/xilinx_tcf/Digilent/210292AA7DEBA
open_hw_target: Time (s): cpu = 00:00:05 ; elapsed = 00:00:05 . Memory (MB): peak = 3889.160 ; gain = 1379.676
current_hw_device [get_hw_devices xc7a50t_0]
refresh_hw_device -update_hw_probes false [lindex [get_hw_devices xc7a50t_0] 0]
INFO: [Labtools 27-1434] Device xc7a50t (JTAG device index = 0) is programmed with a design that has no supported debug core(s) in it.
set_property PROBES.FILE {} [get_hw_devices xc7a50t_0]
set_property FULL_PROBES.FILE {} [get_hw_devices xc7a50t_0]
set_property PROGRAM.FILE {C:/Users/240856/Documents/digitalelprojekt/digitalelprojekt/project_4/project_4.runs/impl_1/top.bit} [get_hw_devices xc7a50t_0]
program_hw_devices [get_hw_devices xc7a50t_0]
INFO: [Labtools 27-3164] End of startup status: HIGH
refresh_hw_device [lindex [get_hw_devices xc7a50t_0] 0]
INFO: [Labtools 27-1434] Device xc7a50t (JTAG device index = 0) is programmed with a design that has no supported debug core(s) in it.
reset_run impl_1 -prev_step 
launch_runs impl_1 -to_step write_bitstream -jobs 4
[Thu Apr 27 12:00:30 2023] Launched impl_1...
Run output will be captured here: C:/Users/240856/Documents/digitalelprojekt/digitalelprojekt/project_4/project_4.runs/impl_1/runme.log
open_run impl_1
Netlist sorting complete. Time (s): cpu = 00:00:00 ; elapsed = 00:00:00.001 . Memory (MB): peak = 3937.234 ; gain = 0.000
INFO: [Netlist 29-17] Analyzing 10 Unisim elements for replacement
INFO: [Netlist 29-28] Unisim Transformation completed in 0 CPU seconds
INFO: [Project 1-479] Netlist was created with Vivado 2020.2
INFO: [Project 1-570] Preparing netlist for logic optimization
INFO: [Timing 38-478] Restoring timing data from binary archive.
INFO: [Timing 38-479] Binary timing data restore complete.
INFO: [Project 1-856] Restoring constraints from binary archive.
INFO: [Project 1-853] Binary constraint restore complete.
Reading XDEF placement.
Reading placer database...
Reading XDEF routing.
Read XDEF File: Time (s): cpu = 00:00:00 ; elapsed = 00:00:00.045 . Memory (MB): peak = 4107.039 ; gain = 0.000
Restored from archive | CPU: 0.000000 secs | Memory: 0.000000 MB |
Finished XDEF File Restore: Time (s): cpu = 00:00:00 ; elapsed = 00:00:00.045 . Memory (MB): peak = 4107.039 ; gain = 0.000
Netlist sorting complete. Time (s): cpu = 00:00:00 ; elapsed = 00:00:00 . Memory (MB): peak = 4107.039 ; gain = 0.000
INFO: [Project 1-111] Unisim Transformation Summary:
No Unisim elements were transformed.

WARNING: [Timing 38-313] There are no user specified timing constraints. Timing constraints are needed for proper timing analysis.
set_property PROBES.FILE {} [get_hw_devices xc7a50t_0]
set_property FULL_PROBES.FILE {} [get_hw_devices xc7a50t_0]
set_property PROGRAM.FILE {C:/Users/240856/Documents/digitalelprojekt/digitalelprojekt/project_4/project_4.runs/impl_1/top.bit} [get_hw_devices xc7a50t_0]
program_hw_devices [get_hw_devices xc7a50t_0]
INFO: [Labtools 27-3164] End of startup status: HIGH
refresh_hw_device [lindex [get_hw_devices xc7a50t_0] 0]
INFO: [Labtools 27-1434] Device xc7a50t (JTAG device index = 0) is programmed with a design that has no supported debug core(s) in it.
set_property PROBES.FILE {} [get_hw_devices xc7a50t_0]
set_property FULL_PROBES.FILE {} [get_hw_devices xc7a50t_0]
set_property PROGRAM.FILE {C:/Users/240856/Documents/digitalelprojekt/digitalelprojekt/project_4/project_4.runs/impl_1/top.bit} [get_hw_devices xc7a50t_0]
program_hw_devices [get_hw_devices xc7a50t_0]
INFO: [Labtools 27-3164] End of startup status: HIGH
refresh_hw_device [lindex [get_hw_devices xc7a50t_0] 0]
INFO: [Labtools 27-1434] Device xc7a50t (JTAG device index = 0) is programmed with a design that has no supported debug core(s) in it.
set_property PROBES.FILE {} [get_hw_devices xc7a50t_0]
set_property FULL_PROBES.FILE {} [get_hw_devices xc7a50t_0]
set_property PROGRAM.FILE {C:/Users/240856/Documents/digitalelprojekt/digitalelprojekt/project_4/project_4.runs/impl_1/top.bit} [get_hw_devices xc7a50t_0]
program_hw_devices [get_hw_devices xc7a50t_0]
INFO: [Labtools 27-3164] End of startup status: HIGH
refresh_hw_device [lindex [get_hw_devices xc7a50t_0] 0]
INFO: [Labtools 27-1434] Device xc7a50t (JTAG device index = 0) is programmed with a design that has no supported debug core(s) in it.
close_hw_manager
close_sim
INFO: [Simtcl 6-16] Simulation closed
close_sim: Time (s): cpu = 00:00:01 ; elapsed = 00:00:06 . Memory (MB): peak = 4201.500 ; gain = 1.844
launch_simulation
Command: launch_simulation 
INFO: [Vivado 12-5682] Launching behavioral simulation in 'C:/Users/240856/Documents/digitalelprojekt/digitalelprojekt/project_4/project_4.sim/sim_1/behav/xsim'
INFO: [SIM-utils-51] Simulation object is 'sim_1'
INFO: [SIM-utils-54] Inspecting design source files for 'tb_timer_7seg' in fileset 'sim_1'...
INFO: [USF-XSim-97] Finding global include files...
INFO: [USF-XSim-98] Fetching design files from 'sim_1'...
INFO: [USF-XSim-2] XSim::Compile design
INFO: [USF-XSim-61] Executing 'COMPILE and ANALYZE' step in 'C:/Users/240856/Documents/digitalelprojekt/digitalelprojekt/project_4/project_4.sim/sim_1/behav/xsim'
"xvhdl --incr --relax -prj tb_timer_7seg_vhdl.prj"
INFO: [USF-XSim-69] 'compile' step finished in '1' seconds
INFO: [USF-XSim-3] XSim::Elaborate design
INFO: [USF-XSim-61] Executing 'ELABORATE' step in 'C:/Users/240856/Documents/digitalelprojekt/digitalelprojekt/project_4/project_4.sim/sim_1/behav/xsim'
"xelab -wto eb7cbba38b5b4341b8602c9ab87bc0f7 --incr --debug typical --relax --mt 2 -L xil_defaultlib -L secureip --snapshot tb_timer_7seg_behav xil_defaultlib.tb_timer_7seg -log elaborate.log"
Vivado Simulator 2020.2
Copyright 1986-1999, 2001-2020 Xilinx, Inc. All Rights Reserved.
Running: C:/appz/Xilinx/Vivado/2020.2/bin/unwrapped/win64.o/xelab.exe -wto eb7cbba38b5b4341b8602c9ab87bc0f7 --incr --debug typical --relax --mt 2 -L xil_defaultlib -L secureip --snapshot tb_timer_7seg_behav xil_defaultlib.tb_timer_7seg -log elaborate.log 
Using 2 slave threads.
Starting static elaboration
Completed static elaboration
INFO: [XSIM 43-4323] No Change in HDL. Linking previously generated obj files to create kernel
INFO: [USF-XSim-69] 'elaborate' step finished in '2' seconds
INFO: [USF-XSim-4] XSim::Simulate design
INFO: [USF-XSim-61] Executing 'SIMULATE' step in 'C:/Users/240856/Documents/digitalelprojekt/digitalelprojekt/project_4/project_4.sim/sim_1/behav/xsim'
INFO: [USF-XSim-98] *** Running xsim
   with args "tb_timer_7seg_behav -key {Behavioral:sim_1:Functional:tb_timer_7seg} -tclbatch {tb_timer_7seg.tcl} -log {simulate.log}"
INFO: [USF-XSim-8] Loading simulator feature
Vivado Simulator 2020.2
Time resolution is 1 ps
source tb_timer_7seg.tcl
# set curr_wave [current_wave_config]
# if { [string length $curr_wave] == 0 } {
#   if { [llength [get_objects]] > 0} {
#     add_wave /
#     set_property needs_save false [current_wave_config]
#   } else {
#      send_msg_id Add_Wave-1 WARNING "No top level signals found. Simulator will start without a wave window. If you want to open a wave window go to 'File->New Waveform Configuration' or type 'create_wave_config' in the TCL console."
#   }
# }
# run 1000ns
INFO: [USF-XSim-96] XSim completed. Design snapshot 'tb_timer_7seg_behav' loaded.
INFO: [USF-XSim-97] XSim simulation ran for 1000ns
launch_simulation: Time (s): cpu = 00:00:02 ; elapsed = 00:00:05 . Memory (MB): peak = 4204.039 ; gain = 2.539
reset_run synth_1
WARNING: [Vivado 12-1017] Problems encountered:
1. Failed to delete one or more files in run directory C:/Users/240856/Documents/digitalelprojekt/digitalelprojekt/project_4/project_4.runs/synth_1

launch_runs impl_1 -to_step write_bitstream -jobs 4
[Thu Apr 27 12:18:35 2023] Launched synth_1...
Run output will be captured here: C:/Users/240856/Documents/digitalelprojekt/digitalelprojekt/project_4/project_4.runs/synth_1/runme.log
[Thu Apr 27 12:18:35 2023] Launched impl_1...
Run output will be captured here: C:/Users/240856/Documents/digitalelprojekt/digitalelprojekt/project_4/project_4.runs/impl_1/runme.log
open_hw_manager
connect_hw_server -allow_non_jtag
INFO: [Labtools 27-2285] Connecting to hw_server url TCP:localhost:3121
INFO: [Labtools 27-2222] Launching hw_server...
INFO: [Labtools 27-2221] Launch Output:

****** Xilinx hw_server v2020.2
  **** Build date : Nov 18 2020 at 10:01:48
    ** Copyright 1986-2020 Xilinx, Inc. All Rights Reserved.


INFO: [Labtools 27-3415] Connecting to cs_server url TCP:localhost:3042
INFO: [Labtools 27-3417] Launching cs_server...
INFO: [Labtools 27-2221] Launch Output:


******** Xilinx cs_server v2020.2
  ****** Build date   : Nov 03 2020-22:02:56
    **** Build number : 2020.2.1604437376
      ** Copyright 2017-2020 Xilinx, Inc. All Rights Reserved.



connect_hw_server: Time (s): cpu = 00:00:00 ; elapsed = 00:00:08 . Memory (MB): peak = 4206.629 ; gain = 0.000
open_hw_target
INFO: [Labtoolstcl 44-466] Opening hw_target localhost:3121/xilinx_tcf/Digilent/210292AA7DEBA
set_property PROGRAM.FILE {C:/Users/240856/Documents/digitalelprojekt/digitalelprojekt/project_4/project_4.runs/impl_1/top.bit} [get_hw_devices xc7a50t_0]
current_hw_device [get_hw_devices xc7a50t_0]
refresh_hw_device -update_hw_probes false [lindex [get_hw_devices xc7a50t_0] 0]
INFO: [Labtools 27-1434] Device xc7a50t (JTAG device index = 0) is programmed with a design that has no supported debug core(s) in it.
set_property PROBES.FILE {} [get_hw_devices xc7a50t_0]
set_property FULL_PROBES.FILE {} [get_hw_devices xc7a50t_0]
set_property PROGRAM.FILE {C:/Users/240856/Documents/digitalelprojekt/digitalelprojekt/project_4/project_4.runs/impl_1/top.bit} [get_hw_devices xc7a50t_0]
program_hw_devices [get_hw_devices xc7a50t_0]
INFO: [Labtools 27-3164] End of startup status: HIGH
refresh_hw_device [lindex [get_hw_devices xc7a50t_0] 0]
INFO: [Labtools 27-1434] Device xc7a50t (JTAG device index = 0) is programmed with a design that has no supported debug core(s) in it.
close_sim
INFO: [Simtcl 6-16] Simulation closed
launch_simulation
Command: launch_simulation 
INFO: [Vivado 12-5682] Launching behavioral simulation in 'C:/Users/240856/Documents/digitalelprojekt/digitalelprojekt/project_4/project_4.sim/sim_1/behav/xsim'
INFO: [SIM-utils-51] Simulation object is 'sim_1'
INFO: [SIM-utils-54] Inspecting design source files for 'tb_timer_7seg' in fileset 'sim_1'...
INFO: [USF-XSim-97] Finding global include files...
INFO: [USF-XSim-98] Fetching design files from 'sim_1'...
INFO: [USF-XSim-2] XSim::Compile design
INFO: [USF-XSim-61] Executing 'COMPILE and ANALYZE' step in 'C:/Users/240856/Documents/digitalelprojekt/digitalelprojekt/project_4/project_4.sim/sim_1/behav/xsim'
"xvhdl --incr --relax -prj tb_timer_7seg_vhdl.prj"
INFO: [USF-XSim-69] 'compile' step finished in '1' seconds
INFO: [USF-XSim-3] XSim::Elaborate design
INFO: [USF-XSim-61] Executing 'ELABORATE' step in 'C:/Users/240856/Documents/digitalelprojekt/digitalelprojekt/project_4/project_4.sim/sim_1/behav/xsim'
"xelab -wto eb7cbba38b5b4341b8602c9ab87bc0f7 --incr --debug typical --relax --mt 2 -L xil_defaultlib -L secureip --snapshot tb_timer_7seg_behav xil_defaultlib.tb_timer_7seg -log elaborate.log"
Vivado Simulator 2020.2
Copyright 1986-1999, 2001-2020 Xilinx, Inc. All Rights Reserved.
Running: C:/appz/Xilinx/Vivado/2020.2/bin/unwrapped/win64.o/xelab.exe -wto eb7cbba38b5b4341b8602c9ab87bc0f7 --incr --debug typical --relax --mt 2 -L xil_defaultlib -L secureip --snapshot tb_timer_7seg_behav xil_defaultlib.tb_timer_7seg -log elaborate.log 
Using 2 slave threads.
Starting static elaboration
Completed static elaboration
INFO: [XSIM 43-4323] No Change in HDL. Linking previously generated obj files to create kernel
INFO: [USF-XSim-69] 'elaborate' step finished in '2' seconds
INFO: [USF-XSim-4] XSim::Simulate design
INFO: [USF-XSim-61] Executing 'SIMULATE' step in 'C:/Users/240856/Documents/digitalelprojekt/digitalelprojekt/project_4/project_4.sim/sim_1/behav/xsim'
INFO: [USF-XSim-98] *** Running xsim
   with args "tb_timer_7seg_behav -key {Behavioral:sim_1:Functional:tb_timer_7seg} -tclbatch {tb_timer_7seg.tcl} -log {simulate.log}"
INFO: [USF-XSim-8] Loading simulator feature
Vivado Simulator 2020.2
Time resolution is 1 ps
source tb_timer_7seg.tcl
# set curr_wave [current_wave_config]
# if { [string length $curr_wave] == 0 } {
#   if { [llength [get_objects]] > 0} {
#     add_wave /
#     set_property needs_save false [current_wave_config]
#   } else {
#      send_msg_id Add_Wave-1 WARNING "No top level signals found. Simulator will start without a wave window. If you want to open a wave window go to 'File->New Waveform Configuration' or type 'create_wave_config' in the TCL console."
#   }
# }
# run 1000ns
INFO: [USF-XSim-96] XSim completed. Design snapshot 'tb_timer_7seg_behav' loaded.
INFO: [USF-XSim-97] XSim simulation ran for 1000ns
launch_simulation: Time (s): cpu = 00:00:02 ; elapsed = 00:00:05 . Memory (MB): peak = 4210.797 ; gain = 0.000
current_wave_config {Untitled 3}
Untitled 3
add_wave {{/tb_timer_7seg/inst_timer_7seg/seg1_p}} 
current_wave_config {Untitled 3}
Untitled 3
add_wave {{/tb_timer_7seg/inst_timer_7seg/seg2_p}} 
relaunch_sim
Command: launch_simulation -simset sim_1 -mode behavioral
INFO: [Vivado 12-5682] Launching behavioral simulation in 'C:/Users/240856/Documents/digitalelprojekt/digitalelprojekt/project_4/project_4.sim/sim_1/behav/xsim'
INFO: [SIM-utils-51] Simulation object is 'sim_1'
INFO: [SIM-utils-54] Inspecting design source files for 'tb_timer_7seg' in fileset 'sim_1'...
INFO: [USF-XSim-97] Finding global include files...
INFO: [USF-XSim-98] Fetching design files from 'sim_1'...
INFO: [USF-XSim-2] XSim::Compile design
INFO: [USF-XSim-61] Executing 'COMPILE and ANALYZE' step in 'C:/Users/240856/Documents/digitalelprojekt/digitalelprojekt/project_4/project_4.sim/sim_1/behav/xsim'
"xvhdl --incr --relax -prj tb_timer_7seg_vhdl.prj"
INFO: [USF-XSim-69] 'compile' step finished in '1' seconds
Command: launch_simulation -simset sim_1 -mode behavioral
INFO: [Vivado 12-5682] Launching behavioral simulation in 'C:/Users/240856/Documents/digitalelprojekt/digitalelprojekt/project_4/project_4.sim/sim_1/behav/xsim'
INFO: [USF-XSim-3] XSim::Elaborate design
INFO: [USF-XSim-61] Executing 'ELABORATE' step in 'C:/Users/240856/Documents/digitalelprojekt/digitalelprojekt/project_4/project_4.sim/sim_1/behav/xsim'
"xelab -wto eb7cbba38b5b4341b8602c9ab87bc0f7 --incr --debug typical --relax --mt 2 -L xil_defaultlib -L secureip --snapshot tb_timer_7seg_behav xil_defaultlib.tb_timer_7seg -log elaborate.log"
Vivado Simulator 2020.2
Copyright 1986-1999, 2001-2020 Xilinx, Inc. All Rights Reserved.
Running: C:/appz/Xilinx/Vivado/2020.2/bin/unwrapped/win64.o/xelab.exe -wto eb7cbba38b5b4341b8602c9ab87bc0f7 --incr --debug typical --relax --mt 2 -L xil_defaultlib -L secureip --snapshot tb_timer_7seg_behav xil_defaultlib.tb_timer_7seg -log elaborate.log 
Using 2 slave threads.
Starting static elaboration
Completed static elaboration
INFO: [XSIM 43-4323] No Change in HDL. Linking previously generated obj files to create kernel
INFO: [USF-XSim-69] 'elaborate' step finished in '1' seconds
Vivado Simulator 2020.2
Time resolution is 1 ps
relaunch_sim: Time (s): cpu = 00:00:01 ; elapsed = 00:00:05 . Memory (MB): peak = 4210.797 ; gain = 0.000
reset_run synth_1
WARNING: [Vivado 12-1017] Problems encountered:
1. Failed to delete one or more files in run directory C:/Users/240856/Documents/digitalelprojekt/digitalelprojekt/project_4/project_4.runs/synth_1

launch_runs impl_1 -to_step write_bitstream -jobs 4
[Thu Apr 27 12:27:30 2023] Launched synth_1...
Run output will be captured here: C:/Users/240856/Documents/digitalelprojekt/digitalelprojekt/project_4/project_4.runs/synth_1/runme.log
[Thu Apr 27 12:27:30 2023] Launched impl_1...
Run output will be captured here: C:/Users/240856/Documents/digitalelprojekt/digitalelprojekt/project_4/project_4.runs/impl_1/runme.log
set_property PROBES.FILE {} [get_hw_devices xc7a50t_0]
set_property FULL_PROBES.FILE {} [get_hw_devices xc7a50t_0]
set_property PROGRAM.FILE {C:/Users/240856/Documents/digitalelprojekt/digitalelprojekt/project_4/project_4.runs/impl_1/top.bit} [get_hw_devices xc7a50t_0]
program_hw_devices [get_hw_devices xc7a50t_0]
INFO: [Labtools 27-3164] End of startup status: HIGH
refresh_hw_device [lindex [get_hw_devices xc7a50t_0] 0]
INFO: [Labtools 27-1434] Device xc7a50t (JTAG device index = 0) is programmed with a design that has no supported debug core(s) in it.
set_property PROBES.FILE {} [get_hw_devices xc7a50t_0]
set_property FULL_PROBES.FILE {} [get_hw_devices xc7a50t_0]
set_property PROGRAM.FILE {C:/Users/240856/Documents/digitalelprojekt/digitalelprojekt/project_4/project_4.runs/impl_1/top.bit} [get_hw_devices xc7a50t_0]
program_hw_devices [get_hw_devices xc7a50t_0]
INFO: [Labtools 27-3164] End of startup status: HIGH
refresh_hw_device [lindex [get_hw_devices xc7a50t_0] 0]
INFO: [Labtools 27-1434] Device xc7a50t (JTAG device index = 0) is programmed with a design that has no supported debug core(s) in it.
close_hw_manager
current_design rtl_1
reset_run synth_1
WARNING: [Vivado 12-1017] Problems encountered:
1. Failed to delete one or more files in run directory C:/Users/240856/Documents/digitalelprojekt/digitalelprojekt/project_4/project_4.runs/synth_1

launch_runs impl_1 -to_step write_bitstream -jobs 4
[Thu Apr 27 12:53:40 2023] Launched synth_1...
Run output will be captured here: C:/Users/240856/Documents/digitalelprojekt/digitalelprojekt/project_4/project_4.runs/synth_1/runme.log
[Thu Apr 27 12:53:40 2023] Launched impl_1...
Run output will be captured here: C:/Users/240856/Documents/digitalelprojekt/digitalelprojekt/project_4/project_4.runs/impl_1/runme.log
reset_run synth_1
WARNING: [Vivado 12-1017] Problems encountered:
1. Failed to delete one or more files in run directory C:/Users/240856/Documents/digitalelprojekt/digitalelprojekt/project_4/project_4.runs/synth_1

reset_run synth_1
launch_runs impl_1 -to_step write_bitstream -jobs 4
[Thu Apr 27 12:54:17 2023] Launched synth_1...
Run output will be captured here: C:/Users/240856/Documents/digitalelprojekt/digitalelprojekt/project_4/project_4.runs/synth_1/runme.log
[Thu Apr 27 12:54:18 2023] Launched impl_1...
Run output will be captured here: C:/Users/240856/Documents/digitalelprojekt/digitalelprojekt/project_4/project_4.runs/impl_1/runme.log
update_compile_order -fileset sources_1
reset_run synth_1
WARNING: [Vivado 12-1017] Problems encountered:
1. Failed to delete one or more files in run directory C:/Users/240856/Documents/digitalelprojekt/digitalelprojekt/project_4/project_4.runs/synth_1

launch_runs impl_1 -to_step write_bitstream -jobs 4
[Thu Apr 27 13:00:09 2023] Launched synth_1...
Run output will be captured here: C:/Users/240856/Documents/digitalelprojekt/digitalelprojekt/project_4/project_4.runs/synth_1/runme.log
[Thu Apr 27 13:00:09 2023] Launched impl_1...
Run output will be captured here: C:/Users/240856/Documents/digitalelprojekt/digitalelprojekt/project_4/project_4.runs/impl_1/runme.log
open_hw_manager
connect_hw_server -allow_non_jtag
INFO: [Labtools 27-2285] Connecting to hw_server url TCP:localhost:3121
INFO: [Labtools 27-2222] Launching hw_server...
INFO: [Labtools 27-2221] Launch Output:

****** Xilinx hw_server v2020.2
  **** Build date : Nov 18 2020 at 10:01:48
    ** Copyright 1986-2020 Xilinx, Inc. All Rights Reserved.


INFO: [Labtools 27-3415] Connecting to cs_server url TCP:localhost:3042
INFO: [Labtools 27-3417] Launching cs_server...
INFO: [Labtools 27-2221] Launch Output:


******** Xilinx cs_server v2020.2
  ****** Build date   : Nov 03 2020-22:02:56
    **** Build number : 2020.2.1604437376
      ** Copyright 2017-2020 Xilinx, Inc. All Rights Reserved.



connect_hw_server: Time (s): cpu = 00:00:00 ; elapsed = 00:00:07 . Memory (MB): peak = 4215.812 ; gain = 0.000
open_hw_target
INFO: [Labtoolstcl 44-466] Opening hw_target localhost:3121/xilinx_tcf/Digilent/210292AA7DEBA
set_property PROGRAM.FILE {C:/Users/240856/Documents/digitalelprojekt/digitalelprojekt/project_4/project_4.runs/impl_1/top.bit} [get_hw_devices xc7a50t_0]
current_hw_device [get_hw_devices xc7a50t_0]
refresh_hw_device -update_hw_probes false [lindex [get_hw_devices xc7a50t_0] 0]
INFO: [Labtools 27-1434] Device xc7a50t (JTAG device index = 0) is programmed with a design that has no supported debug core(s) in it.
set_property PROBES.FILE {} [get_hw_devices xc7a50t_0]
set_property FULL_PROBES.FILE {} [get_hw_devices xc7a50t_0]
set_property PROGRAM.FILE {C:/Users/240856/Documents/digitalelprojekt/digitalelprojekt/project_4/project_4.runs/impl_1/top.bit} [get_hw_devices xc7a50t_0]
program_hw_devices [get_hw_devices xc7a50t_0]
INFO: [Labtools 27-3164] End of startup status: HIGH
refresh_hw_device [lindex [get_hw_devices xc7a50t_0] 0]
INFO: [Labtools 27-1434] Device xc7a50t (JTAG device index = 0) is programmed with a design that has no supported debug core(s) in it.
close_hw_manager
close_sim
INFO: [Simtcl 6-16] Simulation closed
exit
INFO: [Common 17-206] Exiting Vivado at Thu Apr 27 13:07:17 2023...
