#-----------------------------------------------------------
# Vivado v2020.2 (64-bit)
# SW Build 3064766 on Wed Nov 18 09:12:45 MST 2020
# IP Build 3064653 on Wed Nov 18 14:17:31 MST 2020
# Start of session at: Wed Apr 19 21:02:57 2023
# Process ID: 8788
# Current directory: C:/Users/ChristianKu/Desktop/de1/digitalelprojekt/project_4
# Command line: vivado.exe -gui_launcher_event rodinguilauncherevent7564 C:\Users\ChristianKu\Desktop\de1\digitalelprojekt\project_4\project_4.xpr
# Log file: C:/Users/ChristianKu/Desktop/de1/digitalelprojekt/project_4/vivado.log
# Journal file: C:/Users/ChristianKu/Desktop/de1/digitalelprojekt/project_4\vivado.jou
#-----------------------------------------------------------
start_gui
open_project C:/Users/ChristianKu/Desktop/de1/digitalelprojekt/project_4/project_4.xpr
WARNING: [filemgmt 56-3] Default IP Output Path : Could not find the directory 'C:/Users/ChristianKu/Desktop/de1/digitalelprojekt/project_4/project_4.gen/sources_1'.
Scanning sources...
Finished scanning sources
INFO: [IP_Flow 19-234] Refreshing IP repositories
INFO: [IP_Flow 19-1704] No user IP repositories specified
INFO: [IP_Flow 19-2313] Loaded Vivado IP repository 'C:/APPZ/Xilinx/Vivado/2020.2/data/ip'.
update_compile_order -fileset sources_1
exit
INFO: [Common 17-206] Exiting Vivado at Wed Apr 19 21:33:03 2023...
