#-----------------------------------------------------------
# Vivado v2020.2 (64-bit)
# SW Build 3064766 on Wed Nov 18 09:12:45 MST 2020
# IP Build 3064653 on Wed Nov 18 14:17:31 MST 2020
# Start of session at: Thu Apr 13 11:55:45 2023
# Process ID: 12984
# Current directory: C:/Users/240856/Documents/digitalelprojekt/digitalelprojekt/project_3
# Command line: vivado.exe -gui_launcher_event rodinguilauncherevent12492 C:\Users\240856\Documents\digitalelprojekt\digitalelprojekt\project_3\project_3.xpr
# Log file: C:/Users/240856/Documents/digitalelprojekt/digitalelprojekt/project_3/vivado.log
# Journal file: C:/Users/240856/Documents/digitalelprojekt/digitalelprojekt/project_3\vivado.jou
#-----------------------------------------------------------
start_gui
open_project C:/Users/240856/Documents/digitalelprojekt/digitalelprojekt/project_3/project_3.xpr
WARNING: [filemgmt 56-3] Default IP Output Path : Could not find the directory 'C:/Users/240856/Documents/digitalelprojekt/digitalelprojekt/project_3/project_3.gen/sources_1'.
Scanning sources...
Finished scanning sources
INFO: [IP_Flow 19-234] Refreshing IP repositories
INFO: [IP_Flow 19-1704] No user IP repositories specified
INFO: [IP_Flow 19-2313] Loaded Vivado IP repository 'C:/appz/Xilinx/Vivado/2020.2/data/ip'.
update_compile_order -fileset sources_1
update_compile_order -fileset sim_1
file mkdir C:/Users/240856/Documents/digitalelprojekt/digitalelprojekt/project_3/project_3.srcs/sim_1/new
set_property SOURCE_SET sources_1 [get_filesets sim_1]
close [ open C:/Users/240856/Documents/digitalelprojekt/digitalelprojekt/project_3/project_3.srcs/sim_1/new/tb_cnt.vhd w ]
add_files -fileset sim_1 C:/Users/240856/Documents/digitalelprojekt/digitalelprojekt/project_3/project_3.srcs/sim_1/new/tb_cnt.vhd
update_compile_order -fileset sim_1
update_compile_order -fileset sim_1
exit
INFO: [Common 17-206] Exiting Vivado at Thu Apr 13 13:01:56 2023...
