#-----------------------------------------------------------
# Vivado v2020.2 (64-bit)
# SW Build 3064766 on Wed Nov 18 09:12:45 MST 2020
# IP Build 3064653 on Wed Nov 18 14:17:31 MST 2020
# Start of session at: Tue May  2 00:52:09 2023
# Process ID: 1388
# Current directory: C:/Users/Filip/Desktop/VUT/2. roèník/2. semester/DE1/projekt/digitalelprojekt/teoreticky final/project_4
# Command line: vivado.exe -gui_launcher_event rodinguilauncherevent5040 C:\Users\Filip\Desktop\VUT\2. roèník\2. semester\DE1\projekt\digitalelprojekt\teoreticky final\project_4\project_4.xpr
# Log file: C:/Users/Filip/Desktop/VUT/2. roèník/2. semester/DE1/projekt/digitalelprojekt/teoreticky final/project_4/vivado.log
# Journal file: C:/Users/Filip/Desktop/VUT/2. roèník/2. semester/DE1/projekt/digitalelprojekt/teoreticky final/project_4\vivado.jou
#-----------------------------------------------------------
start_gui
open_project {C:/Users/Filip/Desktop/VUT/2. roèník/2. semester/DE1/projekt/digitalelprojekt/teoreticky final/project_4/project_4.xpr}
INFO: [ProjectBase 1-489] The host OS only allows 260 characters in a normal path. The project is stored in a path with more than 80 characters. If you experience issues with IP, Block Designs, or files not being found, please consider moving the project to a location with a shorter path. Alternately consider using the OS subst command to map part of the path to a drive letter.
Current project path is 'C:/Users/Filip/Desktop/VUT/2. roèník/2. semester/DE1/projekt/digitalelprojekt/teoreticky final/project_4'
INFO: [Project 1-313] Project file moved from 'C:/Users/Filip/Desktop/digitalelprojekt/project_4' since last save.
WARNING: [filemgmt 56-2] Default IP Output Path : Could not find the directory 'C:/Users/Filip/Desktop/VUT/2. roèník/2. semester/DE1/projekt/digitalelprojekt/teoreticky final/project_4/project_4.gen/sources_1', nor could it be found using path 'C:/Users/Filip/Desktop/digitalelprojekt/project_4/project_4.gen/sources_1'.
CRITICAL WARNING: [Project 1-311] Could not find the file 'C:/Users/Filip/Desktop/VUT/2. roèník/2. semester/DE1/projekt/digitalelprojekt/teoreticky final/project_4/project_4.srcs/sim_1/new/7seg_k.vhd', nor could it be found using path 'C:/Users/Filip/Desktop/digitalelprojekt/project_4/project_4.srcs/sim_1/new/7seg_k.vhd'.
Scanning sources...
Finished scanning sources
INFO: [IP_Flow 19-234] Refreshing IP repositories
INFO: [IP_Flow 19-1704] No user IP repositories specified
INFO: [IP_Flow 19-2313] Loaded Vivado IP repository 'C:/Xilinx/Vivado/2020.2/data/ip'.
update_compile_order -fileset sources_1
exit
INFO: [Common 17-206] Exiting Vivado at Tue May  2 00:54:47 2023...
