#-----------------------------------------------------------
# Vivado v2020.2 (64-bit)
# SW Build 3064766 on Wed Nov 18 09:12:45 MST 2020
# IP Build 3064653 on Wed Nov 18 14:17:31 MST 2020
# Start of session at: Wed Apr 19 22:53:37 2023
# Process ID: 468
# Current directory: C:/Users/ChristianKu/Desktop/de1/digitalelprojekt/older versions/07-display_driver/display_driver
# Command line: vivado.exe -gui_launcher_event rodinguilauncherevent5336 C:\Users\ChristianKu\Desktop\de1\digitalelprojekt\older versions\07-display_driver\display_driver\display_driver.xpr
# Log file: C:/Users/ChristianKu/Desktop/de1/digitalelprojekt/older versions/07-display_driver/display_driver/vivado.log
# Journal file: C:/Users/ChristianKu/Desktop/de1/digitalelprojekt/older versions/07-display_driver/display_driver\vivado.jou
#-----------------------------------------------------------
start_gui
open_project {C:/Users/ChristianKu/Desktop/de1/digitalelprojekt/older versions/07-display_driver/display_driver/display_driver.xpr}
INFO: [ProjectBase 1-489] The host OS only allows 260 characters in a normal path. The project is stored in a path with more than 80 characters. If you experience issues with IP, Block Designs, or files not being found, please consider moving the project to a location with a shorter path. Alternately consider using the OS subst command to map part of the path to a drive letter.
Current project path is 'C:/Users/ChristianKu/Desktop/de1/digitalelprojekt/older versions/07-display_driver/display_driver'
WARNING: [filemgmt 56-3] Default IP Output Path : Could not find the directory 'C:/Users/ChristianKu/Desktop/de1/digitalelprojekt/older versions/07-display_driver/display_driver/display_driver.gen/sources_1'.
Scanning sources...
Finished scanning sources
INFO: [IP_Flow 19-234] Refreshing IP repositories
INFO: [IP_Flow 19-1704] No user IP repositories specified
INFO: [IP_Flow 19-2313] Loaded Vivado IP repository 'C:/APPZ/Xilinx/Vivado/2020.2/data/ip'.
update_compile_order -fileset sources_1
launch_simulation
Command: launch_simulation 
INFO: [Vivado 12-5682] Launching behavioral simulation in 'C:/Users/ChristianKu/Desktop/de1/digitalelprojekt/older versions/07-display_driver/display_driver/display_driver.sim/sim_1/behav/xsim'
INFO: [SIM-utils-51] Simulation object is 'sim_1'
INFO: [SIM-utils-54] Inspecting design source files for 'top' in fileset 'sim_1'...
INFO: [USF-XSim-97] Finding global include files...
INFO: [USF-XSim-98] Fetching design files from 'sim_1'...
INFO: [USF-XSim-2] XSim::Compile design
INFO: [USF-XSim-61] Executing 'COMPILE and ANALYZE' step in 'C:/Users/ChristianKu/Desktop/de1/digitalelprojekt/older versions/07-display_driver/display_driver/display_driver.sim/sim_1/behav/xsim'
"xvhdl --incr --relax -prj top_vhdl.prj"
INFO: [VRFC 10-163] Analyzing VHDL file "C:/Users/ChristianKu/Desktop/de1/digitalelprojekt/older versions/07-display_driver/display_driver/display_driver.srcs/sources_1/new/clock_enable.vhd" into library xil_defaultlib
INFO: [VRFC 10-3107] analyzing entity 'clock_enable'
INFO: [VRFC 10-163] Analyzing VHDL file "C:/Users/ChristianKu/Desktop/de1/digitalelprojekt/older versions/07-display_driver/display_driver/display_driver.srcs/sources_1/new/cnt_up_down.vhd" into library xil_defaultlib
INFO: [VRFC 10-3107] analyzing entity 'cnt_up_down'
INFO: [VRFC 10-163] Analyzing VHDL file "C:/Users/ChristianKu/Desktop/de1/digitalelprojekt/older versions/07-display_driver/display_driver/display_driver.srcs/sources_1/new/hex_7seg.vhd" into library xil_defaultlib
INFO: [VRFC 10-3107] analyzing entity 'hex_7seg'
INFO: [VRFC 10-163] Analyzing VHDL file "C:/Users/ChristianKu/Desktop/de11/digital-electronics-1/labs/07-display_driver/display_driver/display_driver.srcs/sources_1/new/driver_7seg_4digits.vhd" into library xil_defaultlib
INFO: [VRFC 10-3107] analyzing entity 'driver_7seg_4digits'
INFO: [VRFC 10-163] Analyzing VHDL file "C:/Users/ChristianKu/Desktop/de1/digitalelprojekt/older versions/07-display_driver/display_driver/display_driver.srcs/sources_1/new/top.vhd" into library xil_defaultlib
INFO: [VRFC 10-3107] analyzing entity 'top'
INFO: [USF-XSim-69] 'compile' step finished in '1' seconds
INFO: [USF-XSim-3] XSim::Elaborate design
INFO: [USF-XSim-61] Executing 'ELABORATE' step in 'C:/Users/ChristianKu/Desktop/de1/digitalelprojekt/older versions/07-display_driver/display_driver/display_driver.sim/sim_1/behav/xsim'
"xelab -wto 294b8495cac64087b8a4012353919c30 --incr --debug typical --relax --mt 2 -L xil_defaultlib -L secureip --snapshot top_behav xil_defaultlib.top -log elaborate.log"
Vivado Simulator 2020.2
Copyright 1986-1999, 2001-2020 Xilinx, Inc. All Rights Reserved.
Running: C:/APPZ/Xilinx/Vivado/2020.2/bin/unwrapped/win64.o/xelab.exe -wto 294b8495cac64087b8a4012353919c30 --incr --debug typical --relax --mt 2 -L xil_defaultlib -L secureip --snapshot top_behav xil_defaultlib.top -log elaborate.log 
Using 2 slave threads.
Starting static elaboration
ERROR: [VRFC 10-921] index value 7 is out of range 3 downto 0 [C:/Users/ChristianKu/Desktop/de1/digitalelprojekt/older versions/07-display_driver/display_driver/display_driver.srcs/sources_1/new/top.vhd:92]
ERROR: [VRFC 10-3599] not all partial formals of 'dig' have actual [C:/Users/ChristianKu/Desktop/de1/digitalelprojekt/older versions/07-display_driver/display_driver/display_driver.srcs/sources_1/new/top.vhd:61]
ERROR: [VRFC 10-974] left bound value <7> of slice is out of range [3:0] of array [C:/Users/ChristianKu/Desktop/de1/digitalelprojekt/older versions/07-display_driver/display_driver/display_driver.srcs/sources_1/new/top.vhd:92]
ERROR: [XSIM 43-3321] Static elaboration of top level VHDL design unit top in library work failed.
INFO: [USF-XSim-69] 'elaborate' step finished in '2' seconds
INFO: [USF-XSim-99] Step results log file:'C:/Users/ChristianKu/Desktop/de1/digitalelprojekt/older versions/07-display_driver/display_driver/display_driver.sim/sim_1/behav/xsim/elaborate.log'
ERROR: [USF-XSim-62] 'elaborate' step failed with error(s). Please check the Tcl console output or 'C:/Users/ChristianKu/Desktop/de1/digitalelprojekt/older versions/07-display_driver/display_driver/display_driver.sim/sim_1/behav/xsim/elaborate.log' file for more information.
ERROR: [Vivado 12-4473] Detected error while running simulation. Please correct the issue and retry this operation.
ERROR: [Common 17-39] 'launch_simulation' failed due to earlier errors.
exit
INFO: [Common 17-206] Exiting Vivado at Wed Apr 19 22:54:36 2023...
