#-----------------------------------------------------------
# Vivado v2020.2 (64-bit)
# SW Build 3064766 on Wed Nov 18 09:12:45 MST 2020
# IP Build 3064653 on Wed Nov 18 14:17:31 MST 2020
# Start of session at: Wed Apr 19 21:42:15 2023
# Process ID: 10324
# Current directory: C:/Users/ChristianKu/Desktop/de1/digitalelprojekt/older versions/07-display_driver/display_driver
# Command line: vivado.exe -gui_launcher_event rodinguilauncherevent2892 C:\Users\ChristianKu\Desktop\de1\digitalelprojekt\older versions\07-display_driver\display_driver\display_driver.xpr
# Log file: C:/Users/ChristianKu/Desktop/de1/digitalelprojekt/older versions/07-display_driver/display_driver/vivado.log
# Journal file: C:/Users/ChristianKu/Desktop/de1/digitalelprojekt/older versions/07-display_driver/display_driver\vivado.jou
#-----------------------------------------------------------
start_gui
open_project {C:/Users/ChristianKu/Desktop/de1/digitalelprojekt/older versions/07-display_driver/display_driver/display_driver.xpr}
INFO: [ProjectBase 1-489] The host OS only allows 260 characters in a normal path. The project is stored in a path with more than 80 characters. If you experience issues with IP, Block Designs, or files not being found, please consider moving the project to a location with a shorter path. Alternately consider using the OS subst command to map part of the path to a drive letter.
Current project path is 'C:/Users/ChristianKu/Desktop/de1/digitalelprojekt/older versions/07-display_driver/display_driver'
WARNING: [filemgmt 56-3] Default IP Output Path : Could not find the directory 'C:/Users/ChristianKu/Desktop/de1/digitalelprojekt/older versions/07-display_driver/display_driver/display_driver.gen/sources_1'.
CRITICAL WARNING: [Project 1-19] Could not find the file 'C:/Users/ChristianKu/Desktop/de1/digitalelprojekt/older versions/07-display_driver/display_driver/display_driver.srcs/sources_1/new/driver_7seg_4digits.vhd'.
CRITICAL WARNING: [Project 1-19] Could not find the file 'C:/Users/ChristianKu/Desktop/de1/digitalelprojekt/older versions/07-display_driver/display_driver/display_driver.srcs/sim_1/new/tb_driver_7seg_4digits.vhd'.
Scanning sources...
Finished scanning sources
INFO: [IP_Flow 19-234] Refreshing IP repositories
INFO: [IP_Flow 19-1704] No user IP repositories specified
INFO: [IP_Flow 19-2313] Loaded Vivado IP repository 'C:/APPZ/Xilinx/Vivado/2020.2/data/ip'.
update_compile_order -fileset sources_1
update_compile_order -fileset sim_1
export_ip_user_files -of_objects  [get_files {{C:/Users/ChristianKu/Desktop/de1/digitalelprojekt/older versions/07-display_driver/display_driver/display_driver.srcs/sources_1/new/driver_7seg_4digits.vhd}}] -no_script -reset -force -quiet
remove_files  {{C:/Users/ChristianKu/Desktop/de1/digitalelprojekt/older versions/07-display_driver/display_driver/display_driver.srcs/sources_1/new/driver_7seg_4digits.vhd}}
export_ip_user_files -of_objects  [get_files {{C:/Users/ChristianKu/Desktop/de1/digitalelprojekt/older versions/07-display_driver/display_driver/display_driver.srcs/sim_1/new/tb_driver_7seg_4digits.vhd}}] -no_script -reset -force -quiet
remove_files  -fileset sim_1 {{C:/Users/ChristianKu/Desktop/de1/digitalelprojekt/older versions/07-display_driver/display_driver/display_driver.srcs/sim_1/new/tb_driver_7seg_4digits.vhd}}
add_files -norecurse {{C:/Users/ChristianKu/Desktop/de1/digitalelprojekt/older versions/07-display_driver/display_driver/display_driver.srcs/sources_1/new/Tabata_Counter.vhd}}
update_compile_order -fileset sources_1
set_property SOURCE_SET sources_1 [get_filesets sim_1]
add_files -fileset sim_1 -norecurse {{C:/Users/ChristianKu/Desktop/de1/digitalelprojekt/older versions/07-display_driver/display_driver/display_driver.srcs/sim_1/new/tb_Tabata_Counter.vhd}}
update_compile_order -fileset sim_1
add_files -norecurse C:/Users/ChristianKu/Desktop/de11/digital-electronics-1/labs/07-display_driver/display_driver/display_driver.srcs/sources_1/new/driver_7seg_4digits.vhd
update_compile_order -fileset sources_1
update_compile_order -fileset sources_1
exit
INFO: [Common 17-206] Exiting Vivado at Wed Apr 19 22:50:46 2023...
